input file: ap
program filesize: 78
Storage command found
Executed count: 1

Skipped 00000000
Executed count: 2

Skipped 00000010
Executed count: 3

Skipped 00000000
Executed count: 4

Skipped 000000fe
Executed count: 5

Skipped 0000004d
Executed count: 6

Skipped 0000000a
Executed count: 7

Storage command found
Executed count: 8

Mov(0x0000f000,0x00000001)
0x0000f000 => 0x00000001
Executed count: 9

Mov(0x0000f002,0x00000006)
0x0000f002 => 0x00000006
Executed count: 10

Geta(0x0000f001)
Saved 0x0000001f => 0x0000f001
Executed count: 11

Add(0x00000003,0x0000f000)
Res=0x00000001
Executed count: 12

Putn(0x00061440)
Printed 0x00
Executed count: 13

Putc(0x00061442)
Printed 0x0a
Executed count: 14

Add(0x00000001,0x00000002)
Res=0x00000010
Executed count: 15

0x00000003 = 0x00000004 -> 0x00000005
Continue
Executed count: 16

Goto(0x0000f001)
Jump to 0x0000001f
Executed count: 17

Add(0x00000003,0x0000f000)
Res=0x00000002
Executed count: 18

Putn(0x00061440)
Printed 0x10
Executed count: 19

Putc(0x00061442)
Printed 0x0a
Executed count: 20

Add(0x00000001,0x00000002)
Res=0x00000020
Executed count: 21

0x00000003 = 0x00000004 -> 0x00000005
Continue
Executed count: 22

Goto(0x0000f001)
Jump to 0x0000001f
Executed count: 23

Add(0x00000003,0x0000f000)
Res=0x00000003
Executed count: 24

Putn(0x00061440)
Printed 0x20
Executed count: 25

Putc(0x00061442)
Printed 0x0a
Executed count: 26

Add(0x00000001,0x00000002)
Res=0x00000030
Executed count: 27

0x00000003 = 0x00000004 -> 0x00000005
Continue
Executed count: 28

Goto(0x0000f001)
Jump to 0x0000001f
Executed count: 29

Add(0x00000003,0x0000f000)
Res=0x00000004
Executed count: 30

Putn(0x00061440)
Printed 0x30
Executed count: 31

Putc(0x00061442)
Printed 0x0a
Executed count: 32

Add(0x00000001,0x00000002)
Res=0x00000040
Executed count: 33

0x00000003 = 0x00000004 -> 0x00000005
Continue
Executed count: 34

Goto(0x0000f001)
Jump to 0x0000001f
Executed count: 35

Add(0x00000003,0x0000f000)
Res=0x00000005
Executed count: 36

Putn(0x00061440)
Printed 0x40
Executed count: 37

Putc(0x00061442)
Printed 0x0a
Executed count: 38

Add(0x00000001,0x00000002)
Res=0x00000050
Executed count: 39

0x00000003 = 0x00000004 -> 0x00000005
Continue
Executed count: 40

Goto(0x0000f001)
Jump to 0x0000001f
Executed count: 41

Add(0x00000003,0x0000f000)
Res=0x00000006
Executed count: 42

Putn(0x00061440)
Printed 0x50
Executed count: 43

Putc(0x00061442)
Printed 0x0a
Executed count: 44

Add(0x00000001,0x00000002)
Res=0x00000060
Executed count: 45

0x00000003 = 0x00000004 -> 0x00000005
Continue
Executed count: 46

Goto(0x0000f001)
Jump to 0x0000001f
Executed count: 47

Add(0x00000003,0x0000f000)
Res=0x00000007
Executed count: 48

Putn(0x00061440)
Printed 0x60
Executed count: 49

Putc(0x00061442)
Printed 0x0a
Executed count: 50

Add(0x00000001,0x00000002)
Res=0x00000070
Executed count: 51

0x00000003 = 0x00000004 -> 0x00000005
Continue
Executed count: 52

Goto(0x0000f001)
Jump to 0x0000001f
Executed count: 53

Add(0x00000003,0x0000f000)
Res=0x00000008
Executed count: 54

Putn(0x00061440)
Printed 0x70
Executed count: 55

Putc(0x00061442)
Printed 0x0a
Executed count: 56

Add(0x00000001,0x00000002)
Res=0x00000080
Executed count: 57

0x00000003 = 0x00000004 -> 0x00000005
Continue
Executed count: 58

Goto(0x0000f001)
Jump to 0x0000001f
Executed count: 59

Add(0x00000003,0x0000f000)
Res=0x00000009
Executed count: 60

Putn(0x00061440)
Printed 0x80
Executed count: 61

Putc(0x00061442)
Printed 0x0a
Executed count: 62

Add(0x00000001,0x00000002)
Res=0x00000090
Executed count: 63

0x00000003 = 0x00000004 -> 0x00000005
Continue
Executed count: 64

Goto(0x0000f001)
Jump to 0x0000001f
Executed count: 65

Add(0x00000003,0x0000f000)
Res=0x0000000a
Executed count: 66

Putn(0x00061440)
Printed 0x90
Executed count: 67

Putc(0x00061442)
Printed 0x0a
Executed count: 68

Add(0x00000001,0x00000002)
Res=0x000000a0
Executed count: 69

0x00000003 = 0x00000004 -> 0x00000005
Continue
Executed count: 70

Goto(0x0000f001)
Jump to 0x0000001f
Executed count: 71

Add(0x00000003,0x0000f000)
Res=0x0000000b
Executed count: 72

Putn(0x00061440)
Printed 0xa0
Executed count: 73

Putc(0x00061442)
Printed 0x0a
Executed count: 74

Add(0x00000001,0x00000002)
Res=0x000000b0
Executed count: 75

0x00000003 = 0x00000004 -> 0x00000005
Continue
Executed count: 76

Goto(0x0000f001)
Jump to 0x0000001f
Executed count: 77

Add(0x00000003,0x0000f000)
Res=0x0000000c
Executed count: 78

Putn(0x00061440)
Printed 0xb0
Executed count: 79

Putc(0x00061442)
Printed 0x0a
Executed count: 80

Add(0x00000001,0x00000002)
Res=0x000000c0
Executed count: 81

0x00000003 = 0x00000004 -> 0x00000005
Continue
Executed count: 82

Goto(0x0000f001)
Jump to 0x0000001f
Executed count: 83

Add(0x00000003,0x0000f000)
Res=0x0000000d
Executed count: 84

Putn(0x00061440)
Printed 0xc0
Executed count: 85

Putc(0x00061442)
Printed 0x0a
Executed count: 86

Add(0x00000001,0x00000002)
Res=0x000000d0
Executed count: 87

0x00000003 = 0x00000004 -> 0x00000005
Continue
Executed count: 88

Goto(0x0000f001)
Jump to 0x0000001f
Executed count: 89

Add(0x00000003,0x0000f000)
Res=0x0000000e
Executed count: 90

Putn(0x00061440)
Printed 0xd0
Executed count: 91

Putc(0x00061442)
Printed 0x0a
Executed count: 92

Add(0x00000001,0x00000002)
Res=0x000000e0
Executed count: 93

0x00000003 = 0x00000004 -> 0x00000005
Continue
Executed count: 94

Goto(0x0000f001)
Jump to 0x0000001f
Executed count: 95

Add(0x00000003,0x0000f000)
Res=0x0000000f
Executed count: 96

Putn(0x00061440)
Printed 0xe0
Executed count: 97

Putc(0x00061442)
Printed 0x0a
Executed count: 98

Add(0x00000001,0x00000002)
Res=0x000000f0
Executed count: 99

0x00000003 = 0x00000004 -> 0x00000005
Continue
Executed count: 100

Goto(0x0000f001)
Jump to 0x0000001f
Executed count: 101

Add(0x00000003,0x0000f000)
Res=0x00000010
Executed count: 102

Putn(0x00061440)
Printed 0xf0
Executed count: 103

Putc(0x00061442)
Printed 0x0a
Executed count: 104

Add(0x00000001,0x00000002)
Res=0x00000100
Executed count: 105

0x00000003 = 0x00000004 -> 0x00000005
Continue
Executed count: 106

Goto(0x0000f001)
Jump to 0x0000001f
Executed count: 107

Add(0x00000003,0x0000f000)
Res=0x00000011
Executed count: 108

Putn(0x00061440)
Printed 0x100
Executed count: 109

Putc(0x00061442)
Printed 0x0a
Executed count: 110

Add(0x00000001,0x00000002)
Res=0x00000110
Executed count: 111

0x00000003 = 0x00000004 -> 0x00000005
Continue
Executed count: 112

Goto(0x0000f001)
Jump to 0x0000001f
Executed count: 113

Add(0x00000003,0x0000f000)
Res=0x00000012
Executed count: 114

Putn(0x00061440)
Printed 0x110
Executed count: 115

Putc(0x00061442)
Printed 0x0a
Executed count: 116

Add(0x00000001,0x00000002)
Res=0x00000120
Executed count: 117

0x00000003 = 0x00000004 -> 0x00000005
Continue
Executed count: 118

Goto(0x0000f001)
Jump to 0x0000001f
Executed count: 119

Add(0x00000003,0x0000f000)
Res=0x00000013
Executed count: 120

Putn(0x00061440)
Printed 0x120
Executed count: 121

Putc(0x00061442)
Printed 0x0a
Executed count: 122

Add(0x00000001,0x00000002)
Res=0x00000130
Executed count: 123

0x00000003 = 0x00000004 -> 0x00000005
Continue
Executed count: 124

Goto(0x0000f001)
Jump to 0x0000001f
Executed count: 125

Add(0x00000003,0x0000f000)
Res=0x00000014
Executed count: 126

Putn(0x00061440)
Printed 0x130
Executed count: 127

Putc(0x00061442)
Printed 0x0a
Executed count: 128

Add(0x00000001,0x00000002)
Res=0x00000140
Executed count: 129

0x00000003 = 0x00000004 -> 0x00000005
Continue
Executed count: 130

Goto(0x0000f001)
Jump to 0x0000001f
Executed count: 131

Add(0x00000003,0x0000f000)
Res=0x00000015
Executed count: 132

Putn(0x00061440)
Printed 0x140
Executed count: 133

Putc(0x00061442)
Printed 0x0a
Executed count: 134

Add(0x00000001,0x00000002)
Res=0x00000150
Executed count: 135

0x00000003 = 0x00000004 -> 0x00000005
Continue
Executed count: 136

Goto(0x0000f001)
Jump to 0x0000001f
Executed count: 137

Add(0x00000003,0x0000f000)
Res=0x00000016
Executed count: 138

Putn(0x00061440)
Printed 0x150
Executed count: 139

Putc(0x00061442)
Printed 0x0a
Executed count: 140

Add(0x00000001,0x00000002)
Res=0x00000160
Executed count: 141

0x00000003 = 0x00000004 -> 0x00000005
Continue
Executed count: 142

Goto(0x0000f001)
Jump to 0x0000001f
Executed count: 143

Add(0x00000003,0x0000f000)
Res=0x00000017
Executed count: 144

Putn(0x00061440)
Printed 0x160
Executed count: 145

Putc(0x00061442)
Printed 0x0a
Executed count: 146

Add(0x00000001,0x00000002)
Res=0x00000170
Executed count: 147

0x00000003 = 0x00000004 -> 0x00000005
Continue
Executed count: 148

Goto(0x0000f001)
Jump to 0x0000001f
Executed count: 149

Add(0x00000003,0x0000f000)
Res=0x00000018
Executed count: 150

Putn(0x00061440)
Printed 0x170
Executed count: 151

Putc(0x00061442)
Printed 0x0a
Executed count: 152

Add(0x00000001,0x00000002)
Res=0x00000180
Executed count: 153

0x00000003 = 0x00000004 -> 0x00000005
Continue
Executed count: 154

Goto(0x0000f001)
Jump to 0x0000001f
Executed count: 155

Add(0x00000003,0x0000f000)
Res=0x00000019
Executed count: 156

Putn(0x00061440)
Printed 0x180
Executed count: 157

Putc(0x00061442)
Printed 0x0a
Executed count: 158

Add(0x00000001,0x00000002)
Res=0x00000190
Executed count: 159

0x00000003 = 0x00000004 -> 0x00000005
Continue
Executed count: 160

Goto(0x0000f001)
Jump to 0x0000001f
Executed count: 161

Add(0x00000003,0x0000f000)
Res=0x0000001a
Executed count: 162

Putn(0x00061440)
Printed 0x190
Executed count: 163

Putc(0x00061442)
Printed 0x0a
Executed count: 164

Add(0x00000001,0x00000002)
Res=0x000001a0
Executed count: 165

0x00000003 = 0x00000004 -> 0x00000005
Continue
Executed count: 166

Goto(0x0000f001)
Jump to 0x0000001f
Executed count: 167

Add(0x00000003,0x0000f000)
Res=0x0000001b
Executed count: 168

Putn(0x00061440)
Printed 0x1a0
Executed count: 169

Putc(0x00061442)
Printed 0x0a
Executed count: 170

Add(0x00000001,0x00000002)
Res=0x000001b0
Executed count: 171

0x00000003 = 0x00000004 -> 0x00000005
Continue
Executed count: 172

Goto(0x0000f001)
Jump to 0x0000001f
Executed count: 173

Add(0x00000003,0x0000f000)
Res=0x0000001c
Executed count: 174

Putn(0x00061440)
Printed 0x1b0
Executed count: 175

Putc(0x00061442)
Printed 0x0a
Executed count: 176

Add(0x00000001,0x00000002)
Res=0x000001c0
Executed count: 177

0x00000003 = 0x00000004 -> 0x00000005
Continue
Executed count: 178

Goto(0x0000f001)
Jump to 0x0000001f
Executed count: 179

Add(0x00000003,0x0000f000)
Res=0x0000001d
Executed count: 180

Putn(0x00061440)
Printed 0x1c0
Executed count: 181

Putc(0x00061442)
Printed 0x0a
Executed count: 182

Add(0x00000001,0x00000002)
Res=0x000001d0
Executed count: 183

0x00000003 = 0x00000004 -> 0x00000005
Continue
Executed count: 184

Goto(0x0000f001)
Jump to 0x0000001f
Executed count: 185

Add(0x00000003,0x0000f000)
Res=0x0000001e
Executed count: 186

Putn(0x00061440)
Printed 0x1d0
Executed count: 187

Putc(0x00061442)
Printed 0x0a
Executed count: 188

Add(0x00000001,0x00000002)
Res=0x000001e0
Executed count: 189

0x00000003 = 0x00000004 -> 0x00000005
Continue
Executed count: 190

Goto(0x0000f001)
Jump to 0x0000001f
Executed count: 191

Add(0x00000003,0x0000f000)
Res=0x0000001f
Executed count: 192

Putn(0x00061440)
Printed 0x1e0
Executed count: 193

Putc(0x00061442)
Printed 0x0a
Executed count: 194

Add(0x00000001,0x00000002)
Res=0x000001f0
Executed count: 195

0x00000003 = 0x00000004 -> 0x00000005
Continue
Executed count: 196

Goto(0x0000f001)
Jump to 0x0000001f
Executed count: 197

Add(0x00000003,0x0000f000)
Res=0x00000020
Executed count: 198

Putn(0x00061440)
Printed 0x1f0
Executed count: 199

Putc(0x00061442)
Printed 0x0a
Executed count: 200

Add(0x00000001,0x00000002)
Res=0x00000200
Executed count: 201

0x00000003 = 0x00000004 -> 0x00000005
Continue
Executed count: 202

Goto(0x0000f001)
Jump to 0x0000001f
Executed count: 203

Add(0x00000003,0x0000f000)
Res=0x00000021
Executed count: 204

Putn(0x00061440)
Printed 0x200
Executed count: 205

Putc(0x00061442)
Printed 0x0a
Executed count: 206

Add(0x00000001,0x00000002)
Res=0x00000210
Executed count: 207

0x00000003 = 0x00000004 -> 0x00000005
Continue
Executed count: 208

Goto(0x0000f001)
Jump to 0x0000001f
Executed count: 209

Add(0x00000003,0x0000f000)
Res=0x00000022
Executed count: 210

Putn(0x00061440)
Printed 0x210
Executed count: 211

Putc(0x00061442)
Printed 0x0a
Executed count: 212

Add(0x00000001,0x00000002)
Res=0x00000220
Executed count: 213

0x00000003 = 0x00000004 -> 0x00000005
Continue
Executed count: 214

Goto(0x0000f001)
Jump to 0x0000001f
Executed count: 215

Add(0x00000003,0x0000f000)
Res=0x00000023
Executed count: 216

Putn(0x00061440)
Printed 0x220
Executed count: 217

Putc(0x00061442)
Printed 0x0a
Executed count: 218

Add(0x00000001,0x00000002)
Res=0x00000230
Executed count: 219

0x00000003 = 0x00000004 -> 0x00000005
Continue
Executed count: 220

Goto(0x0000f001)
Jump to 0x0000001f
Executed count: 221

Add(0x00000003,0x0000f000)
Res=0x00000024
Executed count: 222

Putn(0x00061440)
Printed 0x230
Executed count: 223

Putc(0x00061442)
Printed 0x0a
Executed count: 224

Add(0x00000001,0x00000002)
Res=0x00000240
Executed count: 225

0x00000003 = 0x00000004 -> 0x00000005
Continue
Executed count: 226

Goto(0x0000f001)
Jump to 0x0000001f
Executed count: 227

Add(0x00000003,0x0000f000)
Res=0x00000025
Executed count: 228

Putn(0x00061440)
Printed 0x240
Executed count: 229

Putc(0x00061442)
Printed 0x0a
Executed count: 230

Add(0x00000001,0x00000002)
Res=0x00000250
Executed count: 231

0x00000003 = 0x00000004 -> 0x00000005
Continue
Executed count: 232

Goto(0x0000f001)
Jump to 0x0000001f
Executed count: 233

Add(0x00000003,0x0000f000)
Res=0x00000026
Executed count: 234

Putn(0x00061440)
Printed 0x250
Executed count: 235

Putc(0x00061442)
Printed 0x0a
Executed count: 236

Add(0x00000001,0x00000002)
Res=0x00000260
Executed count: 237

0x00000003 = 0x00000004 -> 0x00000005
Continue
Executed count: 238

Goto(0x0000f001)
Jump to 0x0000001f
Executed count: 239

Add(0x00000003,0x0000f000)
Res=0x00000027
Executed count: 240

Putn(0x00061440)
Printed 0x260
Executed count: 241

Putc(0x00061442)
Printed 0x0a
Executed count: 242

Add(0x00000001,0x00000002)
Res=0x00000270
Executed count: 243

0x00000003 = 0x00000004 -> 0x00000005
Continue
Executed count: 244

Goto(0x0000f001)
Jump to 0x0000001f
Executed count: 245

Add(0x00000003,0x0000f000)
Res=0x00000028
Executed count: 246

Putn(0x00061440)
Printed 0x270
Executed count: 247

Putc(0x00061442)
Printed 0x0a
Executed count: 248

Add(0x00000001,0x00000002)
Res=0x00000280
Executed count: 249

0x00000003 = 0x00000004 -> 0x00000005
Continue
Executed count: 250

Goto(0x0000f001)
Jump to 0x0000001f
Executed count: 251

Add(0x00000003,0x0000f000)
Res=0x00000029
Executed count: 252

Putn(0x00061440)
Printed 0x280
Executed count: 253

Putc(0x00061442)
Printed 0x0a
Executed count: 254

Add(0x00000001,0x00000002)
Res=0x00000290
Executed count: 255

0x00000003 = 0x00000004 -> 0x00000005
Continue
Executed count: 256

Goto(0x0000f001)
Jump to 0x0000001f
Executed count: 257

Add(0x00000003,0x0000f000)
Res=0x0000002a
Executed count: 258

Putn(0x00061440)
Printed 0x290
Executed count: 259

Putc(0x00061442)
Printed 0x0a
Executed count: 260

Add(0x00000001,0x00000002)
Res=0x000002a0
Executed count: 261

0x00000003 = 0x00000004 -> 0x00000005
Continue
Executed count: 262

Goto(0x0000f001)
Jump to 0x0000001f
Executed count: 263

Add(0x00000003,0x0000f000)
Res=0x0000002b
Executed count: 264

Putn(0x00061440)
Printed 0x2a0
Executed count: 265

Putc(0x00061442)
Printed 0x0a
Executed count: 266

Add(0x00000001,0x00000002)
Res=0x000002b0
Executed count: 267

0x00000003 = 0x00000004 -> 0x00000005
Continue
Executed count: 268

Goto(0x0000f001)
Jump to 0x0000001f
Executed count: 269

Add(0x00000003,0x0000f000)
Res=0x0000002c
Executed count: 270

Putn(0x00061440)
Printed 0x2b0
Executed count: 271

Putc(0x00061442)
Printed 0x0a
Executed count: 272

Add(0x00000001,0x00000002)
Res=0x000002c0
Executed count: 273

0x00000003 = 0x00000004 -> 0x00000005
Continue
Executed count: 274

Goto(0x0000f001)
Jump to 0x0000001f
Executed count: 275

Add(0x00000003,0x0000f000)
Res=0x0000002d
Executed count: 276

Putn(0x00061440)
Printed 0x2c0
Executed count: 277

Putc(0x00061442)
Printed 0x0a
Executed count: 278

Add(0x00000001,0x00000002)
Res=0x000002d0
Executed count: 279

0x00000003 = 0x00000004 -> 0x00000005
Continue
Executed count: 280

Goto(0x0000f001)
Jump to 0x0000001f
Executed count: 281

Add(0x00000003,0x0000f000)
Res=0x0000002e
Executed count: 282

Putn(0x00061440)
Printed 0x2d0
Executed count: 283

Putc(0x00061442)
Printed 0x0a
Executed count: 284

Add(0x00000001,0x00000002)
Res=0x000002e0
Executed count: 285

0x00000003 = 0x00000004 -> 0x00000005
Continue
Executed count: 286

Goto(0x0000f001)
Jump to 0x0000001f
Executed count: 287

Add(0x00000003,0x0000f000)
Res=0x0000002f
Executed count: 288

Putn(0x00061440)
Printed 0x2e0
Executed count: 289

Putc(0x00061442)
Printed 0x0a
Executed count: 290

Add(0x00000001,0x00000002)
Res=0x000002f0
Executed count: 291

0x00000003 = 0x00000004 -> 0x00000005
Continue
Executed count: 292

Goto(0x0000f001)
Jump to 0x0000001f
Executed count: 293

Add(0x00000003,0x0000f000)
Res=0x00000030
Executed count: 294

Putn(0x00061440)
Printed 0x2f0
Executed count: 295

Putc(0x00061442)
Printed 0x0a
Executed count: 296

Add(0x00000001,0x00000002)
Res=0x00000300
Executed count: 297

0x00000003 = 0x00000004 -> 0x00000005
Continue
Executed count: 298

Goto(0x0000f001)
Jump to 0x0000001f
Executed count: 299

Add(0x00000003,0x0000f000)
Res=0x00000031
Executed count: 300

Putn(0x00061440)
Printed 0x300
Executed count: 301

Putc(0x00061442)
Printed 0x0a
Executed count: 302

Add(0x00000001,0x00000002)
Res=0x00000310
Executed count: 303

0x00000003 = 0x00000004 -> 0x00000005
Continue
Executed count: 304

Goto(0x0000f001)
Jump to 0x0000001f
Executed count: 305

Add(0x00000003,0x0000f000)
Res=0x00000032
Executed count: 306

Putn(0x00061440)
Printed 0x310
Executed count: 307

Putc(0x00061442)
Printed 0x0a
Executed count: 308

Add(0x00000001,0x00000002)
Res=0x00000320
Executed count: 309

0x00000003 = 0x00000004 -> 0x00000005
Continue
Executed count: 310

Goto(0x0000f001)
Jump to 0x0000001f
Executed count: 311

Add(0x00000003,0x0000f000)
Res=0x00000033
Executed count: 312

Putn(0x00061440)
Printed 0x320
Executed count: 313

Putc(0x00061442)
Printed 0x0a
Executed count: 314

Add(0x00000001,0x00000002)
Res=0x00000330
Executed count: 315

0x00000003 = 0x00000004 -> 0x00000005
Continue
Executed count: 316

Goto(0x0000f001)
Jump to 0x0000001f
Executed count: 317

Add(0x00000003,0x0000f000)
Res=0x00000034
Executed count: 318

Putn(0x00061440)
Printed 0x330
Executed count: 319

Putc(0x00061442)
Printed 0x0a
Executed count: 320

Add(0x00000001,0x00000002)
Res=0x00000340
Executed count: 321

0x00000003 = 0x00000004 -> 0x00000005
Continue
Executed count: 322

Goto(0x0000f001)
Jump to 0x0000001f
Executed count: 323

Add(0x00000003,0x0000f000)
Res=0x00000035
Executed count: 324

Putn(0x00061440)
Printed 0x340
Executed count: 325

Putc(0x00061442)
Printed 0x0a
Executed count: 326

Add(0x00000001,0x00000002)
Res=0x00000350
Executed count: 327

0x00000003 = 0x00000004 -> 0x00000005
Continue
Executed count: 328

Goto(0x0000f001)
Jump to 0x0000001f
Executed count: 329

Add(0x00000003,0x0000f000)
Res=0x00000036
Executed count: 330

Putn(0x00061440)
Printed 0x350
Executed count: 331

Putc(0x00061442)
Printed 0x0a
Executed count: 332

Add(0x00000001,0x00000002)
Res=0x00000360
Executed count: 333

0x00000003 = 0x00000004 -> 0x00000005
Continue
Executed count: 334

Goto(0x0000f001)
Jump to 0x0000001f
Executed count: 335

Add(0x00000003,0x0000f000)
Res=0x00000037
Executed count: 336

Putn(0x00061440)
Printed 0x360
Executed count: 337

Putc(0x00061442)
Printed 0x0a
Executed count: 338

Add(0x00000001,0x00000002)
Res=0x00000370
Executed count: 339

0x00000003 = 0x00000004 -> 0x00000005
Continue
Executed count: 340

Goto(0x0000f001)
Jump to 0x0000001f
Executed count: 341

Add(0x00000003,0x0000f000)
Res=0x00000038
Executed count: 342

Putn(0x00061440)
Printed 0x370
Executed count: 343

Putc(0x00061442)
Printed 0x0a
Executed count: 344

Add(0x00000001,0x00000002)
Res=0x00000380
Executed count: 345

0x00000003 = 0x00000004 -> 0x00000005
Continue
Executed count: 346

Goto(0x0000f001)
Jump to 0x0000001f
Executed count: 347

Add(0x00000003,0x0000f000)
Res=0x00000039
Executed count: 348

Putn(0x00061440)
Printed 0x380
Executed count: 349

Putc(0x00061442)
Printed 0x0a
Executed count: 350

Add(0x00000001,0x00000002)
Res=0x00000390
Executed count: 351

0x00000003 = 0x00000004 -> 0x00000005
Continue
Executed count: 352

Goto(0x0000f001)
Jump to 0x0000001f
Executed count: 353

Add(0x00000003,0x0000f000)
Res=0x0000003a
Executed count: 354

Putn(0x00061440)
Printed 0x390
Executed count: 355

Putc(0x00061442)
Printed 0x0a
Executed count: 356

Add(0x00000001,0x00000002)
Res=0x000003a0
Executed count: 357

0x00000003 = 0x00000004 -> 0x00000005
Continue
Executed count: 358

Goto(0x0000f001)
Jump to 0x0000001f
Executed count: 359

Add(0x00000003,0x0000f000)
Res=0x0000003b
Executed count: 360

Putn(0x00061440)
Printed 0x3a0
Executed count: 361

Putc(0x00061442)
Printed 0x0a
Executed count: 362

Add(0x00000001,0x00000002)
Res=0x000003b0
Executed count: 363

0x00000003 = 0x00000004 -> 0x00000005
Continue
Executed count: 364

Goto(0x0000f001)
Jump to 0x0000001f
Executed count: 365

Add(0x00000003,0x0000f000)
Res=0x0000003c
Executed count: 366

Putn(0x00061440)
Printed 0x3b0
Executed count: 367

Putc(0x00061442)
Printed 0x0a
Executed count: 368

Add(0x00000001,0x00000002)
Res=0x000003c0
Executed count: 369

0x00000003 = 0x00000004 -> 0x00000005
Continue
Executed count: 370

Goto(0x0000f001)
Jump to 0x0000001f
Executed count: 371

Add(0x00000003,0x0000f000)
Res=0x0000003d
Executed count: 372

Putn(0x00061440)
Printed 0x3c0
Executed count: 373

Putc(0x00061442)
Printed 0x0a
Executed count: 374

Add(0x00000001,0x00000002)
Res=0x000003d0
Executed count: 375

0x00000003 = 0x00000004 -> 0x00000005
Continue
Executed count: 376

Goto(0x0000f001)
Jump to 0x0000001f
Executed count: 377

Add(0x00000003,0x0000f000)
Res=0x0000003e
Executed count: 378

Putn(0x00061440)
Printed 0x3d0
Executed count: 379

Putc(0x00061442)
Printed 0x0a
Executed count: 380

Add(0x00000001,0x00000002)
Res=0x000003e0
Executed count: 381

0x00000003 = 0x00000004 -> 0x00000005
Continue
Executed count: 382

Goto(0x0000f001)
Jump to 0x0000001f
Executed count: 383

Add(0x00000003,0x0000f000)
Res=0x0000003f
Executed count: 384

Putn(0x00061440)
Printed 0x3e0
Executed count: 385

Putc(0x00061442)
Printed 0x0a
Executed count: 386

Add(0x00000001,0x00000002)
Res=0x000003f0
Executed count: 387

0x00000003 = 0x00000004 -> 0x00000005
Continue
Executed count: 388

Goto(0x0000f001)
Jump to 0x0000001f
Executed count: 389

Add(0x00000003,0x0000f000)
Res=0x00000040
Executed count: 390

Putn(0x00061440)
Printed 0x3f0
Executed count: 391

Putc(0x00061442)
Printed 0x0a
Executed count: 392

Add(0x00000001,0x00000002)
Res=0x00000400
Executed count: 393

0x00000003 = 0x00000004 -> 0x00000005
Continue
Executed count: 394

Goto(0x0000f001)
Jump to 0x0000001f
Executed count: 395

Add(0x00000003,0x0000f000)
Res=0x00000041
Executed count: 396

Putn(0x00061440)
Printed 0x400
Executed count: 397

Putc(0x00061442)
Printed 0x0a
Executed count: 398

Add(0x00000001,0x00000002)
Res=0x00000410
Executed count: 399

0x00000003 = 0x00000004 -> 0x00000005
Continue
Executed count: 400

Goto(0x0000f001)
Jump to 0x0000001f
Executed count: 401

Add(0x00000003,0x0000f000)
Res=0x00000042
Executed count: 402

Putn(0x00061440)
Printed 0x410
Executed count: 403

Putc(0x00061442)
Printed 0x0a
Executed count: 404

Add(0x00000001,0x00000002)
Res=0x00000420
Executed count: 405

0x00000003 = 0x00000004 -> 0x00000005
Continue
Executed count: 406

Goto(0x0000f001)
Jump to 0x0000001f
Executed count: 407

Add(0x00000003,0x0000f000)
Res=0x00000043
Executed count: 408

Putn(0x00061440)
Printed 0x420
Executed count: 409

Putc(0x00061442)
Printed 0x0a
Executed count: 410

Add(0x00000001,0x00000002)
Res=0x00000430
Executed count: 411

0x00000003 = 0x00000004 -> 0x00000005
Continue
Executed count: 412

Goto(0x0000f001)
Jump to 0x0000001f
Executed count: 413

Add(0x00000003,0x0000f000)
Res=0x00000044
Executed count: 414

Putn(0x00061440)
Printed 0x430
Executed count: 415

Putc(0x00061442)
Printed 0x0a
Executed count: 416

Add(0x00000001,0x00000002)
Res=0x00000440
Executed count: 417

0x00000003 = 0x00000004 -> 0x00000005
Continue
Executed count: 418

Goto(0x0000f001)
Jump to 0x0000001f
Executed count: 419

Add(0x00000003,0x0000f000)
Res=0x00000045
Executed count: 420

Putn(0x00061440)
Printed 0x440
Executed count: 421

Putc(0x00061442)
Printed 0x0a
Executed count: 422

Add(0x00000001,0x00000002)
Res=0x00000450
Executed count: 423

0x00000003 = 0x00000004 -> 0x00000005
Continue
Executed count: 424

Goto(0x0000f001)
Jump to 0x0000001f
Executed count: 425

Add(0x00000003,0x0000f000)
Res=0x00000046
Executed count: 426

Putn(0x00061440)
Printed 0x450
Executed count: 427

Putc(0x00061442)
Printed 0x0a
Executed count: 428

Add(0x00000001,0x00000002)
Res=0x00000460
Executed count: 429

0x00000003 = 0x00000004 -> 0x00000005
Continue
Executed count: 430

Goto(0x0000f001)
Jump to 0x0000001f
Executed count: 431

Add(0x00000003,0x0000f000)
Res=0x00000047
Executed count: 432

Putn(0x00061440)
Printed 0x460
Executed count: 433

Putc(0x00061442)
Printed 0x0a
Executed count: 434

Add(0x00000001,0x00000002)
Res=0x00000470
Executed count: 435

0x00000003 = 0x00000004 -> 0x00000005
Continue
Executed count: 436

Goto(0x0000f001)
Jump to 0x0000001f
Executed count: 437

Add(0x00000003,0x0000f000)
Res=0x00000048
Executed count: 438

Putn(0x00061440)
Printed 0x470
Executed count: 439

Putc(0x00061442)
Printed 0x0a
Executed count: 440

Add(0x00000001,0x00000002)
Res=0x00000480
Executed count: 441

0x00000003 = 0x00000004 -> 0x00000005
Continue
Executed count: 442

Goto(0x0000f001)
Jump to 0x0000001f
Executed count: 443

Add(0x00000003,0x0000f000)
Res=0x00000049
Executed count: 444

Putn(0x00061440)
Printed 0x480
Executed count: 445

Putc(0x00061442)
Printed 0x0a
Executed count: 446

Add(0x00000001,0x00000002)
Res=0x00000490
Executed count: 447

0x00000003 = 0x00000004 -> 0x00000005
Continue
Executed count: 448

Goto(0x0000f001)
Jump to 0x0000001f
Executed count: 449

Add(0x00000003,0x0000f000)
Res=0x0000004a
Executed count: 450

Putn(0x00061440)
Printed 0x490
Executed count: 451

Putc(0x00061442)
Printed 0x0a
Executed count: 452

Add(0x00000001,0x00000002)
Res=0x000004a0
Executed count: 453

0x00000003 = 0x00000004 -> 0x00000005
Continue
Executed count: 454

Goto(0x0000f001)
Jump to 0x0000001f
Executed count: 455

Add(0x00000003,0x0000f000)
Res=0x0000004b
Executed count: 456

Putn(0x00061440)
Printed 0x4a0
Executed count: 457

Putc(0x00061442)
Printed 0x0a
Executed count: 458

Add(0x00000001,0x00000002)
Res=0x000004b0
Executed count: 459

0x00000003 = 0x00000004 -> 0x00000005
Continue
Executed count: 460

Goto(0x0000f001)
Jump to 0x0000001f
Executed count: 461

Add(0x00000003,0x0000f000)
Res=0x0000004c
Executed count: 462

Putn(0x00061440)
Printed 0x4b0
Executed count: 463

Putc(0x00061442)
Printed 0x0a
Executed count: 464

Add(0x00000001,0x00000002)
Res=0x000004c0
Executed count: 465

0x00000003 = 0x00000004 -> 0x00000005
Continue
Executed count: 466

Goto(0x0000f001)
Jump to 0x0000001f
Executed count: 467

Add(0x00000003,0x0000f000)
Res=0x0000004d
Executed count: 468

Putn(0x00061440)
Printed 0x4c0
Executed count: 469

Putc(0x00061442)
Printed 0x0a
Executed count: 470

Add(0x00000001,0x00000002)
Res=0x000004d0
Executed count: 471

0x00000003 = 0x00000004 -> 0x00000005
Continue
Executed count: 472

Goto(0x0000f001)
Jump to 0x0000001f
Executed count: 473

Add(0x00000003,0x0000f000)
Res=0x0000004e
Executed count: 474

Putn(0x00061440)
Printed 0x4d0
Executed count: 475

Putc(0x00061442)
Printed 0x0a
Executed count: 476

Add(0x00000001,0x00000002)
Res=0x000004e0
Executed count: 477

0x00000003 = 0x00000004 -> 0x00000005
Continue
Executed count: 478

Goto(0x0000f001)
Jump to 0x0000001f
Executed count: 479

Add(0x00000003,0x0000f000)
Res=0x0000004f
Executed count: 480

Putn(0x00061440)
Printed 0x4e0
Executed count: 481

Putc(0x00061442)
Printed 0x0a
Executed count: 482

Add(0x00000001,0x00000002)
Res=0x000004f0
Executed count: 483

0x00000003 = 0x00000004 -> 0x00000005
Continue
Executed count: 484

Goto(0x0000f001)
Jump to 0x0000001f
Executed count: 485

Add(0x00000003,0x0000f000)
Res=0x00000050
Executed count: 486

Putn(0x00061440)
Printed 0x4f0
Executed count: 487

Putc(0x00061442)
Printed 0x0a
Executed count: 488

Add(0x00000001,0x00000002)
Res=0x00000500
Executed count: 489

0x00000003 = 0x00000004 -> 0x00000005
Continue
Executed count: 490

Goto(0x0000f001)
Jump to 0x0000001f
Executed count: 491

Add(0x00000003,0x0000f000)
Res=0x00000051
Executed count: 492

Putn(0x00061440)
Printed 0x500
Executed count: 493

Putc(0x00061442)
Printed 0x0a
Executed count: 494

Add(0x00000001,0x00000002)
Res=0x00000510
Executed count: 495

0x00000003 = 0x00000004 -> 0x00000005
Continue
Executed count: 496

Goto(0x0000f001)
Jump to 0x0000001f
Executed count: 497

Add(0x00000003,0x0000f000)
Res=0x00000052
Executed count: 498

Putn(0x00061440)
Printed 0x510
Executed count: 499

Putc(0x00061442)
Printed 0x0a
Executed count: 500

Add(0x00000001,0x00000002)
Res=0x00000520
Executed count: 501

0x00000003 = 0x00000004 -> 0x00000005
Continue
Executed count: 502

Goto(0x0000f001)
Jump to 0x0000001f
Executed count: 503

Add(0x00000003,0x0000f000)
Res=0x00000053
Executed count: 504

Putn(0x00061440)
Printed 0x520
Executed count: 505

Putc(0x00061442)
Printed 0x0a
Executed count: 506

Add(0x00000001,0x00000002)
Res=0x00000530
Executed count: 507

0x00000003 = 0x00000004 -> 0x00000005
Continue
Executed count: 508

Goto(0x0000f001)
Jump to 0x0000001f
Executed count: 509

Add(0x00000003,0x0000f000)
Res=0x00000054
Executed count: 510

Putn(0x00061440)
Printed 0x530
Executed count: 511

Putc(0x00061442)
Printed 0x0a
Executed count: 512

Add(0x00000001,0x00000002)
Res=0x00000540
Executed count: 513

0x00000003 = 0x00000004 -> 0x00000005
Continue
Executed count: 514

Goto(0x0000f001)
Jump to 0x0000001f
Executed count: 515

Add(0x00000003,0x0000f000)
Res=0x00000055
Executed count: 516

Putn(0x00061440)
Printed 0x540
Executed count: 517

Putc(0x00061442)
Printed 0x0a
Executed count: 518

Add(0x00000001,0x00000002)
Res=0x00000550
Executed count: 519

0x00000003 = 0x00000004 -> 0x00000005
Continue
Executed count: 520

Goto(0x0000f001)
Jump to 0x0000001f
Executed count: 521

Add(0x00000003,0x0000f000)
Res=0x00000056
Executed count: 522

Putn(0x00061440)
Printed 0x550
Executed count: 523

Putc(0x00061442)
Printed 0x0a
Executed count: 524

Add(0x00000001,0x00000002)
Res=0x00000560
Executed count: 525

0x00000003 = 0x00000004 -> 0x00000005
Continue
Executed count: 526

Goto(0x0000f001)
Jump to 0x0000001f
Executed count: 527

Add(0x00000003,0x0000f000)
Res=0x00000057
Executed count: 528

Putn(0x00061440)
Printed 0x560
Executed count: 529

Putc(0x00061442)
Printed 0x0a
Executed count: 530

Add(0x00000001,0x00000002)
Res=0x00000570
Executed count: 531

0x00000003 = 0x00000004 -> 0x00000005
Continue
Executed count: 532

Goto(0x0000f001)
Jump to 0x0000001f
Executed count: 533

Add(0x00000003,0x0000f000)
Res=0x00000058
Executed count: 534

Putn(0x00061440)
Printed 0x570
Executed count: 535

Putc(0x00061442)
Printed 0x0a
Executed count: 536

Add(0x00000001,0x00000002)
Res=0x00000580
Executed count: 537

0x00000003 = 0x00000004 -> 0x00000005
Continue
Executed count: 538

Goto(0x0000f001)
Jump to 0x0000001f
Executed count: 539

Add(0x00000003,0x0000f000)
Res=0x00000059
Executed count: 540

Putn(0x00061440)
Printed 0x580
Executed count: 541

Putc(0x00061442)
Printed 0x0a
Executed count: 542

Add(0x00000001,0x00000002)
Res=0x00000590
Executed count: 543

0x00000003 = 0x00000004 -> 0x00000005
Continue
Executed count: 544

Goto(0x0000f001)
Jump to 0x0000001f
Executed count: 545

Add(0x00000003,0x0000f000)
Res=0x0000005a
Executed count: 546

Putn(0x00061440)
Printed 0x590
Executed count: 547

Putc(0x00061442)
Printed 0x0a
Executed count: 548

Add(0x00000001,0x00000002)
Res=0x000005a0
Executed count: 549

0x00000003 = 0x00000004 -> 0x00000005
Continue
Executed count: 550

Goto(0x0000f001)
Jump to 0x0000001f
Executed count: 551

Add(0x00000003,0x0000f000)
Res=0x0000005b
Executed count: 552

Putn(0x00061440)
Printed 0x5a0
Executed count: 553

Putc(0x00061442)
Printed 0x0a
Executed count: 554

Add(0x00000001,0x00000002)
Res=0x000005b0
Executed count: 555

0x00000003 = 0x00000004 -> 0x00000005
Continue
Executed count: 556

Goto(0x0000f001)
Jump to 0x0000001f
Executed count: 557

Add(0x00000003,0x0000f000)
Res=0x0000005c
Executed count: 558

Putn(0x00061440)
Printed 0x5b0
Executed count: 559

Putc(0x00061442)
Printed 0x0a
Executed count: 560

Add(0x00000001,0x00000002)
Res=0x000005c0
Executed count: 561

0x00000003 = 0x00000004 -> 0x00000005
Continue
Executed count: 562

Goto(0x0000f001)
Jump to 0x0000001f
Executed count: 563

Add(0x00000003,0x0000f000)
Res=0x0000005d
Executed count: 564

Putn(0x00061440)
Printed 0x5c0
Executed count: 565

Putc(0x00061442)
Printed 0x0a
Executed count: 566

Add(0x00000001,0x00000002)
Res=0x000005d0
Executed count: 567

0x00000003 = 0x00000004 -> 0x00000005
Continue
Executed count: 568

Goto(0x0000f001)
Jump to 0x0000001f
Executed count: 569

Add(0x00000003,0x0000f000)
Res=0x0000005e
Executed count: 570

Putn(0x00061440)
Printed 0x5d0
Executed count: 571

Putc(0x00061442)
Printed 0x0a
Executed count: 572

Add(0x00000001,0x00000002)
Res=0x000005e0
Executed count: 573

0x00000003 = 0x00000004 -> 0x00000005
Continue
Executed count: 574

Goto(0x0000f001)
Jump to 0x0000001f
Executed count: 575

Add(0x00000003,0x0000f000)
Res=0x0000005f
Executed count: 576

Putn(0x00061440)
Printed 0x5e0
Executed count: 577

Putc(0x00061442)
Printed 0x0a
Executed count: 578

Add(0x00000001,0x00000002)
Res=0x000005f0
Executed count: 579

0x00000003 = 0x00000004 -> 0x00000005
Continue
Executed count: 580

Goto(0x0000f001)
Jump to 0x0000001f
Executed count: 581

Add(0x00000003,0x0000f000)
Res=0x00000060
Executed count: 582

Putn(0x00061440)
Printed 0x5f0
Executed count: 583

Putc(0x00061442)
Printed 0x0a
Executed count: 584

Add(0x00000001,0x00000002)
Res=0x00000600
Executed count: 585

0x00000003 = 0x00000004 -> 0x00000005
Continue
Executed count: 586

Goto(0x0000f001)
Jump to 0x0000001f
Executed count: 587

Add(0x00000003,0x0000f000)
Res=0x00000061
Executed count: 588

Putn(0x00061440)
Printed 0x600
Executed count: 589

Putc(0x00061442)
Printed 0x0a
Executed count: 590

Add(0x00000001,0x00000002)
Res=0x00000610
Executed count: 591

0x00000003 = 0x00000004 -> 0x00000005
Continue
Executed count: 592

Goto(0x0000f001)
Jump to 0x0000001f
Executed count: 593

Add(0x00000003,0x0000f000)
Res=0x00000062
Executed count: 594

Putn(0x00061440)
Printed 0x610
Executed count: 595

Putc(0x00061442)
Printed 0x0a
Executed count: 596

Add(0x00000001,0x00000002)
Res=0x00000620
Executed count: 597

0x00000003 = 0x00000004 -> 0x00000005
Continue
Executed count: 598

Goto(0x0000f001)
Jump to 0x0000001f
Executed count: 599

Add(0x00000003,0x0000f000)
Res=0x00000063
Executed count: 600

Putn(0x00061440)
Printed 0x620
Executed count: 601

Putc(0x00061442)
Printed 0x0a
Executed count: 602

Add(0x00000001,0x00000002)
Res=0x00000630
Executed count: 603

0x00000003 = 0x00000004 -> 0x00000005
Continue
Executed count: 604

Goto(0x0000f001)
Jump to 0x0000001f
Executed count: 605

Add(0x00000003,0x0000f000)
Res=0x00000064
Executed count: 606

Putn(0x00061440)
Printed 0x630
Executed count: 607

Putc(0x00061442)
Printed 0x0a
Executed count: 608

Add(0x00000001,0x00000002)
Res=0x00000640
Executed count: 609

0x00000003 = 0x00000004 -> 0x00000005
Continue
Executed count: 610

Goto(0x0000f001)
Jump to 0x0000001f
Executed count: 611

Add(0x00000003,0x0000f000)
Res=0x00000065
Executed count: 612

Putn(0x00061440)
Printed 0x640
Executed count: 613

Putc(0x00061442)
Printed 0x0a
Executed count: 614

Add(0x00000001,0x00000002)
Res=0x00000650
Executed count: 615

0x00000003 = 0x00000004 -> 0x00000005
Continue
Executed count: 616

Goto(0x0000f001)
Jump to 0x0000001f
Executed count: 617

Add(0x00000003,0x0000f000)
Res=0x00000066
Executed count: 618

Putn(0x00061440)
Printed 0x650
Executed count: 619

Putc(0x00061442)
Printed 0x0a
Executed count: 620

Add(0x00000001,0x00000002)
Res=0x00000660
Executed count: 621

0x00000003 = 0x00000004 -> 0x00000005
Continue
Executed count: 622

Goto(0x0000f001)
Jump to 0x0000001f
Executed count: 623

Add(0x00000003,0x0000f000)
Res=0x00000067
Executed count: 624

Putn(0x00061440)
Printed 0x660
Executed count: 625

Putc(0x00061442)
Printed 0x0a
Executed count: 626

Add(0x00000001,0x00000002)
Res=0x00000670
Executed count: 627

0x00000003 = 0x00000004 -> 0x00000005
Continue
Executed count: 628

Goto(0x0000f001)
Jump to 0x0000001f
Executed count: 629

Add(0x00000003,0x0000f000)
Res=0x00000068
Executed count: 630

Putn(0x00061440)
Printed 0x670
Executed count: 631

Putc(0x00061442)
Printed 0x0a
Executed count: 632

Add(0x00000001,0x00000002)
Res=0x00000680
Executed count: 633

0x00000003 = 0x00000004 -> 0x00000005
Continue
Executed count: 634

Goto(0x0000f001)
Jump to 0x0000001f
Executed count: 635

Add(0x00000003,0x0000f000)
Res=0x00000069
Executed count: 636

Putn(0x00061440)
Printed 0x680
Executed count: 637

Putc(0x00061442)
Printed 0x0a
Executed count: 638

Add(0x00000001,0x00000002)
Res=0x00000690
Executed count: 639

0x00000003 = 0x00000004 -> 0x00000005
Continue
Executed count: 640

Goto(0x0000f001)
Jump to 0x0000001f
Executed count: 641

Add(0x00000003,0x0000f000)
Res=0x0000006a
Executed count: 642

Putn(0x00061440)
Printed 0x690
Executed count: 643

Putc(0x00061442)
Printed 0x0a
Executed count: 644

Add(0x00000001,0x00000002)
Res=0x000006a0
Executed count: 645

0x00000003 = 0x00000004 -> 0x00000005
Continue
Executed count: 646

Goto(0x0000f001)
Jump to 0x0000001f
Executed count: 647

Add(0x00000003,0x0000f000)
Res=0x0000006b
Executed count: 648

Putn(0x00061440)
Printed 0x6a0
Executed count: 649

Putc(0x00061442)
Printed 0x0a
Executed count: 650

Add(0x00000001,0x00000002)
Res=0x000006b0
Executed count: 651

0x00000003 = 0x00000004 -> 0x00000005
Continue
Executed count: 652

Goto(0x0000f001)
Jump to 0x0000001f
Executed count: 653

Add(0x00000003,0x0000f000)
Res=0x0000006c
Executed count: 654

Putn(0x00061440)
Printed 0x6b0
Executed count: 655

Putc(0x00061442)
Printed 0x0a
Executed count: 656

Add(0x00000001,0x00000002)
Res=0x000006c0
Executed count: 657

0x00000003 = 0x00000004 -> 0x00000005
Continue
Executed count: 658

Goto(0x0000f001)
Jump to 0x0000001f
Executed count: 659

Add(0x00000003,0x0000f000)
Res=0x0000006d
Executed count: 660

Putn(0x00061440)
Printed 0x6c0
Executed count: 661

Putc(0x00061442)
Printed 0x0a
Executed count: 662

Add(0x00000001,0x00000002)
Res=0x000006d0
Executed count: 663

0x00000003 = 0x00000004 -> 0x00000005
Continue
Executed count: 664

Goto(0x0000f001)
Jump to 0x0000001f
Executed count: 665

Add(0x00000003,0x0000f000)
Res=0x0000006e
Executed count: 666

Putn(0x00061440)
Printed 0x6d0
Executed count: 667

Putc(0x00061442)
Printed 0x0a
Executed count: 668

Add(0x00000001,0x00000002)
Res=0x000006e0
Executed count: 669

0x00000003 = 0x00000004 -> 0x00000005
Continue
Executed count: 670

Goto(0x0000f001)
Jump to 0x0000001f
Executed count: 671

Add(0x00000003,0x0000f000)
Res=0x0000006f
Executed count: 672

Putn(0x00061440)
Printed 0x6e0
Executed count: 673

Putc(0x00061442)
Printed 0x0a
Executed count: 674

Add(0x00000001,0x00000002)
Res=0x000006f0
Executed count: 675

0x00000003 = 0x00000004 -> 0x00000005
Continue
Executed count: 676

Goto(0x0000f001)
Jump to 0x0000001f
Executed count: 677

Add(0x00000003,0x0000f000)
Res=0x00000070
Executed count: 678

Putn(0x00061440)
Printed 0x6f0
Executed count: 679

Putc(0x00061442)
Printed 0x0a
Executed count: 680

Add(0x00000001,0x00000002)
Res=0x00000700
Executed count: 681

0x00000003 = 0x00000004 -> 0x00000005
Continue
Executed count: 682

Goto(0x0000f001)
Jump to 0x0000001f
Executed count: 683

Add(0x00000003,0x0000f000)
Res=0x00000071
Executed count: 684

Putn(0x00061440)
Printed 0x700
Executed count: 685

Putc(0x00061442)
Printed 0x0a
Executed count: 686

Add(0x00000001,0x00000002)
Res=0x00000710
Executed count: 687

0x00000003 = 0x00000004 -> 0x00000005
Continue
Executed count: 688

Goto(0x0000f001)
Jump to 0x0000001f
Executed count: 689

Add(0x00000003,0x0000f000)
Res=0x00000072
Executed count: 690

Putn(0x00061440)
Printed 0x710
Executed count: 691

Putc(0x00061442)
Printed 0x0a
Executed count: 692

Add(0x00000001,0x00000002)
Res=0x00000720
Executed count: 693

0x00000003 = 0x00000004 -> 0x00000005
Continue
Executed count: 694

Goto(0x0000f001)
Jump to 0x0000001f
Executed count: 695

Add(0x00000003,0x0000f000)
Res=0x00000073
Executed count: 696

Putn(0x00061440)
Printed 0x720
Executed count: 697

Putc(0x00061442)
Printed 0x0a
Executed count: 698

Add(0x00000001,0x00000002)
Res=0x00000730
Executed count: 699

0x00000003 = 0x00000004 -> 0x00000005
Continue
Executed count: 700

Goto(0x0000f001)
Jump to 0x0000001f
Executed count: 701

Add(0x00000003,0x0000f000)
Res=0x00000074
Executed count: 702

Putn(0x00061440)
Printed 0x730
Executed count: 703

Putc(0x00061442)
Printed 0x0a
Executed count: 704

Add(0x00000001,0x00000002)
Res=0x00000740
Executed count: 705

0x00000003 = 0x00000004 -> 0x00000005
Continue
Executed count: 706

Goto(0x0000f001)
Jump to 0x0000001f
Executed count: 707

Add(0x00000003,0x0000f000)
Res=0x00000075
Executed count: 708

Putn(0x00061440)
Printed 0x740
Executed count: 709

Putc(0x00061442)
Printed 0x0a
Executed count: 710

Add(0x00000001,0x00000002)
Res=0x00000750
Executed count: 711

0x00000003 = 0x00000004 -> 0x00000005
Continue
Executed count: 712

Goto(0x0000f001)
Jump to 0x0000001f
Executed count: 713

Add(0x00000003,0x0000f000)
Res=0x00000076
Executed count: 714

Putn(0x00061440)
Printed 0x750
Executed count: 715

Putc(0x00061442)
Printed 0x0a
Executed count: 716

Add(0x00000001,0x00000002)
Res=0x00000760
Executed count: 717

0x00000003 = 0x00000004 -> 0x00000005
Continue
Executed count: 718

Goto(0x0000f001)
Jump to 0x0000001f
Executed count: 719

Add(0x00000003,0x0000f000)
Res=0x00000077
Executed count: 720

Putn(0x00061440)
Printed 0x760
Executed count: 721

Putc(0x00061442)
Printed 0x0a
Executed count: 722

Add(0x00000001,0x00000002)
Res=0x00000770
Executed count: 723

0x00000003 = 0x00000004 -> 0x00000005
Continue
Executed count: 724

Goto(0x0000f001)
Jump to 0x0000001f
Executed count: 725

Add(0x00000003,0x0000f000)
Res=0x00000078
Executed count: 726

Putn(0x00061440)
Printed 0x770
Executed count: 727

Putc(0x00061442)
Printed 0x0a
Executed count: 728

Add(0x00000001,0x00000002)
Res=0x00000780
Executed count: 729

0x00000003 = 0x00000004 -> 0x00000005
Continue
Executed count: 730

Goto(0x0000f001)
Jump to 0x0000001f
Executed count: 731

Add(0x00000003,0x0000f000)
Res=0x00000079
Executed count: 732

Putn(0x00061440)
Printed 0x780
Executed count: 733

Putc(0x00061442)
Printed 0x0a
Executed count: 734

Add(0x00000001,0x00000002)
Res=0x00000790
Executed count: 735

0x00000003 = 0x00000004 -> 0x00000005
Continue
Executed count: 736

Goto(0x0000f001)
Jump to 0x0000001f
Executed count: 737

Add(0x00000003,0x0000f000)
Res=0x0000007a
Executed count: 738

Putn(0x00061440)
Printed 0x790
Executed count: 739

Putc(0x00061442)
Printed 0x0a
Executed count: 740

Add(0x00000001,0x00000002)
Res=0x000007a0
Executed count: 741

0x00000003 = 0x00000004 -> 0x00000005
Continue
Executed count: 742

Goto(0x0000f001)
Jump to 0x0000001f
Executed count: 743

Add(0x00000003,0x0000f000)
Res=0x0000007b
Executed count: 744

Putn(0x00061440)
Printed 0x7a0
Executed count: 745

Putc(0x00061442)
Printed 0x0a
Executed count: 746

Add(0x00000001,0x00000002)
Res=0x000007b0
Executed count: 747

0x00000003 = 0x00000004 -> 0x00000005
Continue
Executed count: 748

Goto(0x0000f001)
Jump to 0x0000001f
Executed count: 749

Add(0x00000003,0x0000f000)
Res=0x0000007c
Executed count: 750

Putn(0x00061440)
Printed 0x7b0
Executed count: 751

Putc(0x00061442)
Printed 0x0a
Executed count: 752

Add(0x00000001,0x00000002)
Res=0x000007c0
Executed count: 753

0x00000003 = 0x00000004 -> 0x00000005
Continue
Executed count: 754

Goto(0x0000f001)
Jump to 0x0000001f
Executed count: 755

Add(0x00000003,0x0000f000)
Res=0x0000007d
Executed count: 756

Putn(0x00061440)
Printed 0x7c0
Executed count: 757

Putc(0x00061442)
Printed 0x0a
Executed count: 758

Add(0x00000001,0x00000002)
Res=0x000007d0
Executed count: 759

0x00000003 = 0x00000004 -> 0x00000005
Continue
Executed count: 760

Goto(0x0000f001)
Jump to 0x0000001f
Executed count: 761

Add(0x00000003,0x0000f000)
Res=0x0000007e
Executed count: 762

Putn(0x00061440)
Printed 0x7d0
Executed count: 763

Putc(0x00061442)
Printed 0x0a
Executed count: 764

Add(0x00000001,0x00000002)
Res=0x000007e0
Executed count: 765

0x00000003 = 0x00000004 -> 0x00000005
Continue
Executed count: 766

Goto(0x0000f001)
Jump to 0x0000001f
Executed count: 767

Add(0x00000003,0x0000f000)
Res=0x0000007f
Executed count: 768

Putn(0x00061440)
Printed 0x7e0
Executed count: 769

Putc(0x00061442)
Printed 0x0a
Executed count: 770

Add(0x00000001,0x00000002)
Res=0x000007f0
Executed count: 771

0x00000003 = 0x00000004 -> 0x00000005
Continue
Executed count: 772

Goto(0x0000f001)
Jump to 0x0000001f
Executed count: 773

Add(0x00000003,0x0000f000)
Res=0x00000080
Executed count: 774

Putn(0x00061440)
Printed 0x7f0
Executed count: 775

Putc(0x00061442)
Printed 0x0a
Executed count: 776

Add(0x00000001,0x00000002)
Res=0x00000800
Executed count: 777

0x00000003 = 0x00000004 -> 0x00000005
Continue
Executed count: 778

Goto(0x0000f001)
Jump to 0x0000001f
Executed count: 779

Add(0x00000003,0x0000f000)
Res=0x00000081
Executed count: 780

Putn(0x00061440)
Printed 0x800
Executed count: 781

Putc(0x00061442)
Printed 0x0a
Executed count: 782

Add(0x00000001,0x00000002)
Res=0x00000810
Executed count: 783

0x00000003 = 0x00000004 -> 0x00000005
Continue
Executed count: 784

Goto(0x0000f001)
Jump to 0x0000001f
Executed count: 785

Add(0x00000003,0x0000f000)
Res=0x00000082
Executed count: 786

Putn(0x00061440)
Printed 0x810
Executed count: 787

Putc(0x00061442)
Printed 0x0a
Executed count: 788

Add(0x00000001,0x00000002)
Res=0x00000820
Executed count: 789

0x00000003 = 0x00000004 -> 0x00000005
Continue
Executed count: 790

Goto(0x0000f001)
Jump to 0x0000001f
Executed count: 791

Add(0x00000003,0x0000f000)
Res=0x00000083
Executed count: 792

Putn(0x00061440)
Printed 0x820
Executed count: 793

Putc(0x00061442)
Printed 0x0a
Executed count: 794

Add(0x00000001,0x00000002)
Res=0x00000830
Executed count: 795

0x00000003 = 0x00000004 -> 0x00000005
Continue
Executed count: 796

Goto(0x0000f001)
Jump to 0x0000001f
Executed count: 797

Add(0x00000003,0x0000f000)
Res=0x00000084
Executed count: 798

Putn(0x00061440)
Printed 0x830
Executed count: 799

Putc(0x00061442)
Printed 0x0a
Executed count: 800

Add(0x00000001,0x00000002)
Res=0x00000840
Executed count: 801

0x00000003 = 0x00000004 -> 0x00000005
Continue
Executed count: 802

Goto(0x0000f001)
Jump to 0x0000001f
Executed count: 803

Add(0x00000003,0x0000f000)
Res=0x00000085
Executed count: 804

Putn(0x00061440)
Printed 0x840
Executed count: 805

Putc(0x00061442)
Printed 0x0a
Executed count: 806

Add(0x00000001,0x00000002)
Res=0x00000850
Executed count: 807

0x00000003 = 0x00000004 -> 0x00000005
Continue
Executed count: 808

Goto(0x0000f001)
Jump to 0x0000001f
Executed count: 809

Add(0x00000003,0x0000f000)
Res=0x00000086
Executed count: 810

Putn(0x00061440)
Printed 0x850
Executed count: 811

Putc(0x00061442)
Printed 0x0a
Executed count: 812

Add(0x00000001,0x00000002)
Res=0x00000860
Executed count: 813

0x00000003 = 0x00000004 -> 0x00000005
Continue
Executed count: 814

Goto(0x0000f001)
Jump to 0x0000001f
Executed count: 815

Add(0x00000003,0x0000f000)
Res=0x00000087
Executed count: 816

Putn(0x00061440)
Printed 0x860
Executed count: 817

Putc(0x00061442)
Printed 0x0a
Executed count: 818

Add(0x00000001,0x00000002)
Res=0x00000870
Executed count: 819

0x00000003 = 0x00000004 -> 0x00000005
Continue
Executed count: 820

Goto(0x0000f001)
Jump to 0x0000001f
Executed count: 821

Add(0x00000003,0x0000f000)
Res=0x00000088
Executed count: 822

Putn(0x00061440)
Printed 0x870
Executed count: 823

Putc(0x00061442)
Printed 0x0a
Executed count: 824

Add(0x00000001,0x00000002)
Res=0x00000880
Executed count: 825

0x00000003 = 0x00000004 -> 0x00000005
Continue
Executed count: 826

Goto(0x0000f001)
Jump to 0x0000001f
Executed count: 827

Add(0x00000003,0x0000f000)
Res=0x00000089
Executed count: 828

Putn(0x00061440)
Printed 0x880
Executed count: 829

Putc(0x00061442)
Printed 0x0a
Executed count: 830

Add(0x00000001,0x00000002)
Res=0x00000890
Executed count: 831

0x00000003 = 0x00000004 -> 0x00000005
Continue
Executed count: 832

Goto(0x0000f001)
Jump to 0x0000001f
Executed count: 833

Add(0x00000003,0x0000f000)
Res=0x0000008a
Executed count: 834

Putn(0x00061440)
Printed 0x890
Executed count: 835

Putc(0x00061442)
Printed 0x0a
Executed count: 836

Add(0x00000001,0x00000002)
Res=0x000008a0
Executed count: 837

0x00000003 = 0x00000004 -> 0x00000005
Continue
Executed count: 838

Goto(0x0000f001)
Jump to 0x0000001f
Executed count: 839

Add(0x00000003,0x0000f000)
Res=0x0000008b
Executed count: 840

Putn(0x00061440)
Printed 0x8a0
Executed count: 841

Putc(0x00061442)
Printed 0x0a
Executed count: 842

Add(0x00000001,0x00000002)
Res=0x000008b0
Executed count: 843

0x00000003 = 0x00000004 -> 0x00000005
Continue
Executed count: 844

Goto(0x0000f001)
Jump to 0x0000001f
Executed count: 845

Add(0x00000003,0x0000f000)
Res=0x0000008c
Executed count: 846

Putn(0x00061440)
Printed 0x8b0
Executed count: 847

Putc(0x00061442)
Printed 0x0a
Executed count: 848

Add(0x00000001,0x00000002)
Res=0x000008c0
Executed count: 849

0x00000003 = 0x00000004 -> 0x00000005
Continue
Executed count: 850

Goto(0x0000f001)
Jump to 0x0000001f
Executed count: 851

Add(0x00000003,0x0000f000)
Res=0x0000008d
Executed count: 852

Putn(0x00061440)
Printed 0x8c0
Executed count: 853

Putc(0x00061442)
Printed 0x0a
Executed count: 854

Add(0x00000001,0x00000002)
Res=0x000008d0
Executed count: 855

0x00000003 = 0x00000004 -> 0x00000005
Continue
Executed count: 856

Goto(0x0000f001)
Jump to 0x0000001f
Executed count: 857

Add(0x00000003,0x0000f000)
Res=0x0000008e
Executed count: 858

Putn(0x00061440)
Printed 0x8d0
Executed count: 859

Putc(0x00061442)
Printed 0x0a
Executed count: 860

Add(0x00000001,0x00000002)
Res=0x000008e0
Executed count: 861

0x00000003 = 0x00000004 -> 0x00000005
Continue
Executed count: 862

Goto(0x0000f001)
Jump to 0x0000001f
Executed count: 863

Add(0x00000003,0x0000f000)
Res=0x0000008f
Executed count: 864

Putn(0x00061440)
Printed 0x8e0
Executed count: 865

Putc(0x00061442)
Printed 0x0a
Executed count: 866

Add(0x00000001,0x00000002)
Res=0x000008f0
Executed count: 867

0x00000003 = 0x00000004 -> 0x00000005
Continue
Executed count: 868

Goto(0x0000f001)
Jump to 0x0000001f
Executed count: 869

Add(0x00000003,0x0000f000)
Res=0x00000090
Executed count: 870

Putn(0x00061440)
Printed 0x8f0
Executed count: 871

Putc(0x00061442)
Printed 0x0a
Executed count: 872

Add(0x00000001,0x00000002)
Res=0x00000900
Executed count: 873

0x00000003 = 0x00000004 -> 0x00000005
Continue
Executed count: 874

Goto(0x0000f001)
Jump to 0x0000001f
Executed count: 875

Add(0x00000003,0x0000f000)
Res=0x00000091
Executed count: 876

Putn(0x00061440)
Printed 0x900
Executed count: 877

Putc(0x00061442)
Printed 0x0a
Executed count: 878

Add(0x00000001,0x00000002)
Res=0x00000910
Executed count: 879

0x00000003 = 0x00000004 -> 0x00000005
Continue
Executed count: 880

Goto(0x0000f001)
Jump to 0x0000001f
Executed count: 881

Add(0x00000003,0x0000f000)
Res=0x00000092
Executed count: 882

Putn(0x00061440)
Printed 0x910
Executed count: 883

Putc(0x00061442)
Printed 0x0a
Executed count: 884

Add(0x00000001,0x00000002)
Res=0x00000920
Executed count: 885

0x00000003 = 0x00000004 -> 0x00000005
Continue
Executed count: 886

Goto(0x0000f001)
Jump to 0x0000001f
Executed count: 887

Add(0x00000003,0x0000f000)
Res=0x00000093
Executed count: 888

Putn(0x00061440)
Printed 0x920
Executed count: 889

Putc(0x00061442)
Printed 0x0a
Executed count: 890

Add(0x00000001,0x00000002)
Res=0x00000930
Executed count: 891

0x00000003 = 0x00000004 -> 0x00000005
Continue
Executed count: 892

Goto(0x0000f001)
Jump to 0x0000001f
Executed count: 893

Add(0x00000003,0x0000f000)
Res=0x00000094
Executed count: 894

Putn(0x00061440)
Printed 0x930
Executed count: 895

Putc(0x00061442)
Printed 0x0a
Executed count: 896

Add(0x00000001,0x00000002)
Res=0x00000940
Executed count: 897

0x00000003 = 0x00000004 -> 0x00000005
Continue
Executed count: 898

Goto(0x0000f001)
Jump to 0x0000001f
Executed count: 899

Add(0x00000003,0x0000f000)
Res=0x00000095
Executed count: 900

Putn(0x00061440)
Printed 0x940
Executed count: 901

Putc(0x00061442)
Printed 0x0a
Executed count: 902

Add(0x00000001,0x00000002)
Res=0x00000950
Executed count: 903

0x00000003 = 0x00000004 -> 0x00000005
Continue
Executed count: 904

Goto(0x0000f001)
Jump to 0x0000001f
Executed count: 905

Add(0x00000003,0x0000f000)
Res=0x00000096
Executed count: 906

Putn(0x00061440)
Printed 0x950
Executed count: 907

Putc(0x00061442)
Printed 0x0a
Executed count: 908

Add(0x00000001,0x00000002)
Res=0x00000960
Executed count: 909

0x00000003 = 0x00000004 -> 0x00000005
Continue
Executed count: 910

Goto(0x0000f001)
Jump to 0x0000001f
Executed count: 911

Add(0x00000003,0x0000f000)
Res=0x00000097
Executed count: 912

Putn(0x00061440)
Printed 0x960
Executed count: 913

Putc(0x00061442)
Printed 0x0a
Executed count: 914

Add(0x00000001,0x00000002)
Res=0x00000970
Executed count: 915

0x00000003 = 0x00000004 -> 0x00000005
Continue
Executed count: 916

Goto(0x0000f001)
Jump to 0x0000001f
Executed count: 917

Add(0x00000003,0x0000f000)
Res=0x00000098
Executed count: 918

Putn(0x00061440)
Printed 0x970
Executed count: 919

Putc(0x00061442)
Printed 0x0a
Executed count: 920

Add(0x00000001,0x00000002)
Res=0x00000980
Executed count: 921

0x00000003 = 0x00000004 -> 0x00000005
Continue
Executed count: 922

Goto(0x0000f001)
Jump to 0x0000001f
Executed count: 923

Add(0x00000003,0x0000f000)
Res=0x00000099
Executed count: 924

Putn(0x00061440)
Printed 0x980
Executed count: 925

Putc(0x00061442)
Printed 0x0a
Executed count: 926

Add(0x00000001,0x00000002)
Res=0x00000990
Executed count: 927

0x00000003 = 0x00000004 -> 0x00000005
Continue
Executed count: 928

Goto(0x0000f001)
Jump to 0x0000001f
Executed count: 929

Add(0x00000003,0x0000f000)
Res=0x0000009a
Executed count: 930

Putn(0x00061440)
Printed 0x990
Executed count: 931

Putc(0x00061442)
Printed 0x0a
Executed count: 932

Add(0x00000001,0x00000002)
Res=0x000009a0
Executed count: 933

0x00000003 = 0x00000004 -> 0x00000005
Continue
Executed count: 934

Goto(0x0000f001)
Jump to 0x0000001f
Executed count: 935

Add(0x00000003,0x0000f000)
Res=0x0000009b
Executed count: 936

Putn(0x00061440)
Printed 0x9a0
Executed count: 937

Putc(0x00061442)
Printed 0x0a
Executed count: 938

Add(0x00000001,0x00000002)
Res=0x000009b0
Executed count: 939

0x00000003 = 0x00000004 -> 0x00000005
Continue
Executed count: 940

Goto(0x0000f001)
Jump to 0x0000001f
Executed count: 941

Add(0x00000003,0x0000f000)
Res=0x0000009c
Executed count: 942

Putn(0x00061440)
Printed 0x9b0
Executed count: 943

Putc(0x00061442)
Printed 0x0a
Executed count: 944

Add(0x00000001,0x00000002)
Res=0x000009c0
Executed count: 945

0x00000003 = 0x00000004 -> 0x00000005
Continue
Executed count: 946

Goto(0x0000f001)
Jump to 0x0000001f
Executed count: 947

Add(0x00000003,0x0000f000)
Res=0x0000009d
Executed count: 948

Putn(0x00061440)
Printed 0x9c0
Executed count: 949

Putc(0x00061442)
Printed 0x0a
Executed count: 950

Add(0x00000001,0x00000002)
Res=0x000009d0
Executed count: 951

0x00000003 = 0x00000004 -> 0x00000005
Continue
Executed count: 952

Goto(0x0000f001)
Jump to 0x0000001f
Executed count: 953

Add(0x00000003,0x0000f000)
Res=0x0000009e
Executed count: 954

Putn(0x00061440)
Printed 0x9d0
Executed count: 955

Putc(0x00061442)
Printed 0x0a
Executed count: 956

Add(0x00000001,0x00000002)
Res=0x000009e0
Executed count: 957

0x00000003 = 0x00000004 -> 0x00000005
Continue
Executed count: 958

Goto(0x0000f001)
Jump to 0x0000001f
Executed count: 959

Add(0x00000003,0x0000f000)
Res=0x0000009f
Executed count: 960

Putn(0x00061440)
Printed 0x9e0
Executed count: 961

Putc(0x00061442)
Printed 0x0a
Executed count: 962

Add(0x00000001,0x00000002)
Res=0x000009f0
Executed count: 963

0x00000003 = 0x00000004 -> 0x00000005
Continue
Executed count: 964

Goto(0x0000f001)
Jump to 0x0000001f
Executed count: 965

Add(0x00000003,0x0000f000)
Res=0x000000a0
Executed count: 966

Putn(0x00061440)
Printed 0x9f0
Executed count: 967

Putc(0x00061442)
Printed 0x0a
Executed count: 968

Add(0x00000001,0x00000002)
Res=0x00000a00
Executed count: 969

0x00000003 = 0x00000004 -> 0x00000005
Continue
Executed count: 970

Goto(0x0000f001)
Jump to 0x0000001f
Executed count: 971

Add(0x00000003,0x0000f000)
Res=0x000000a1
Executed count: 972

Putn(0x00061440)
Printed 0xa00
Executed count: 973

Putc(0x00061442)
Printed 0x0a
Executed count: 974

Add(0x00000001,0x00000002)
Res=0x00000a10
Executed count: 975

0x00000003 = 0x00000004 -> 0x00000005
Continue
Executed count: 976

Goto(0x0000f001)
Jump to 0x0000001f
Executed count: 977

Add(0x00000003,0x0000f000)
Res=0x000000a2
Executed count: 978

Putn(0x00061440)
Printed 0xa10
Executed count: 979

Putc(0x00061442)
Printed 0x0a
Executed count: 980

Add(0x00000001,0x00000002)
Res=0x00000a20
Executed count: 981

0x00000003 = 0x00000004 -> 0x00000005
Continue
Executed count: 982

Goto(0x0000f001)
Jump to 0x0000001f
Executed count: 983

Add(0x00000003,0x0000f000)
Res=0x000000a3
Executed count: 984

Putn(0x00061440)
Printed 0xa20
Executed count: 985

Putc(0x00061442)
Printed 0x0a
Executed count: 986

Add(0x00000001,0x00000002)
Res=0x00000a30
Executed count: 987

0x00000003 = 0x00000004 -> 0x00000005
Continue
Executed count: 988

Goto(0x0000f001)
Jump to 0x0000001f
Executed count: 989

Add(0x00000003,0x0000f000)
Res=0x000000a4
Executed count: 990

Putn(0x00061440)
Printed 0xa30
Executed count: 991

Putc(0x00061442)
Printed 0x0a
Executed count: 992

Add(0x00000001,0x00000002)
Res=0x00000a40
Executed count: 993

0x00000003 = 0x00000004 -> 0x00000005
Continue
Executed count: 994

Goto(0x0000f001)
Jump to 0x0000001f
Executed count: 995

Add(0x00000003,0x0000f000)
Res=0x000000a5
Executed count: 996

Putn(0x00061440)
Printed 0xa40
Executed count: 997

Putc(0x00061442)
Printed 0x0a
Executed count: 998

Add(0x00000001,0x00000002)
Res=0x00000a50
Executed count: 999

0x00000003 = 0x00000004 -> 0x00000005
Continue
Executed count: 1000

Goto(0x0000f001)
Jump to 0x0000001f
Executed count: 1001

Add(0x00000003,0x0000f000)
Res=0x000000a6
Executed count: 1002

Putn(0x00061440)
Printed 0xa50
Executed count: 1003

Putc(0x00061442)
Printed 0x0a
Executed count: 1004

Add(0x00000001,0x00000002)
Res=0x00000a60
Executed count: 1005

0x00000003 = 0x00000004 -> 0x00000005
Continue
Executed count: 1006

Goto(0x0000f001)
Jump to 0x0000001f
Executed count: 1007

Add(0x00000003,0x0000f000)
Res=0x000000a7
Executed count: 1008

Putn(0x00061440)
Printed 0xa60
Executed count: 1009

Putc(0x00061442)
Printed 0x0a
Executed count: 1010

Add(0x00000001,0x00000002)
Res=0x00000a70
Executed count: 1011

0x00000003 = 0x00000004 -> 0x00000005
Continue
Executed count: 1012

Goto(0x0000f001)
Jump to 0x0000001f
Executed count: 1013

Add(0x00000003,0x0000f000)
Res=0x000000a8
Executed count: 1014

Putn(0x00061440)
Printed 0xa70
Executed count: 1015

Putc(0x00061442)
Printed 0x0a
Executed count: 1016

Add(0x00000001,0x00000002)
Res=0x00000a80
Executed count: 1017

0x00000003 = 0x00000004 -> 0x00000005
Continue
Executed count: 1018

Goto(0x0000f001)
Jump to 0x0000001f
Executed count: 1019

Add(0x00000003,0x0000f000)
Res=0x000000a9
Executed count: 1020

Putn(0x00061440)
Printed 0xa80
Executed count: 1021

Putc(0x00061442)
Printed 0x0a
Executed count: 1022

Add(0x00000001,0x00000002)
Res=0x00000a90
Executed count: 1023

0x00000003 = 0x00000004 -> 0x00000005
Continue
Executed count: 1024

Goto(0x0000f001)
Jump to 0x0000001f
Executed count: 1025

Add(0x00000003,0x0000f000)
Res=0x000000aa
Executed count: 1026

Putn(0x00061440)
Printed 0xa90
Executed count: 1027

Putc(0x00061442)
Printed 0x0a
Executed count: 1028

Add(0x00000001,0x00000002)
Res=0x00000aa0
Executed count: 1029

0x00000003 = 0x00000004 -> 0x00000005
Continue
Executed count: 1030

Goto(0x0000f001)
Jump to 0x0000001f
Executed count: 1031

Add(0x00000003,0x0000f000)
Res=0x000000ab
Executed count: 1032

Putn(0x00061440)
Printed 0xaa0
Executed count: 1033

Putc(0x00061442)
Printed 0x0a
Executed count: 1034

Add(0x00000001,0x00000002)
Res=0x00000ab0
Executed count: 1035

0x00000003 = 0x00000004 -> 0x00000005
Continue
Executed count: 1036

Goto(0x0000f001)
Jump to 0x0000001f
Executed count: 1037

Add(0x00000003,0x0000f000)
Res=0x000000ac
Executed count: 1038

Putn(0x00061440)
Printed 0xab0
Executed count: 1039

Putc(0x00061442)
Printed 0x0a
Executed count: 1040

Add(0x00000001,0x00000002)
Res=0x00000ac0
Executed count: 1041

0x00000003 = 0x00000004 -> 0x00000005
Continue
Executed count: 1042

Goto(0x0000f001)
Jump to 0x0000001f
Executed count: 1043

Add(0x00000003,0x0000f000)
Res=0x000000ad
Executed count: 1044

Putn(0x00061440)
Printed 0xac0
Executed count: 1045

Putc(0x00061442)
Printed 0x0a
Executed count: 1046

Add(0x00000001,0x00000002)
Res=0x00000ad0
Executed count: 1047

0x00000003 = 0x00000004 -> 0x00000005
Continue
Executed count: 1048

Goto(0x0000f001)
Jump to 0x0000001f
Executed count: 1049

Add(0x00000003,0x0000f000)
Res=0x000000ae
Executed count: 1050

Putn(0x00061440)
Printed 0xad0
Executed count: 1051

Putc(0x00061442)
Printed 0x0a
Executed count: 1052

Add(0x00000001,0x00000002)
Res=0x00000ae0
Executed count: 1053

0x00000003 = 0x00000004 -> 0x00000005
Continue
Executed count: 1054

Goto(0x0000f001)
Jump to 0x0000001f
Executed count: 1055

Add(0x00000003,0x0000f000)
Res=0x000000af
Executed count: 1056

Putn(0x00061440)
Printed 0xae0
Executed count: 1057

Putc(0x00061442)
Printed 0x0a
Executed count: 1058

Add(0x00000001,0x00000002)
Res=0x00000af0
Executed count: 1059

0x00000003 = 0x00000004 -> 0x00000005
Continue
Executed count: 1060

Goto(0x0000f001)
Jump to 0x0000001f
Executed count: 1061

Add(0x00000003,0x0000f000)
Res=0x000000b0
Executed count: 1062

Putn(0x00061440)
Printed 0xaf0
Executed count: 1063

Putc(0x00061442)
Printed 0x0a
Executed count: 1064

Add(0x00000001,0x00000002)
Res=0x00000b00
Executed count: 1065

0x00000003 = 0x00000004 -> 0x00000005
Continue
Executed count: 1066

Goto(0x0000f001)
Jump to 0x0000001f
Executed count: 1067

Add(0x00000003,0x0000f000)
Res=0x000000b1
Executed count: 1068

Putn(0x00061440)
Printed 0xb00
Executed count: 1069

Putc(0x00061442)
Printed 0x0a
Executed count: 1070

Add(0x00000001,0x00000002)
Res=0x00000b10
Executed count: 1071

0x00000003 = 0x00000004 -> 0x00000005
Continue
Executed count: 1072

Goto(0x0000f001)
Jump to 0x0000001f
Executed count: 1073

Add(0x00000003,0x0000f000)
Res=0x000000b2
Executed count: 1074

Putn(0x00061440)
Printed 0xb10
Executed count: 1075

Putc(0x00061442)
Printed 0x0a
Executed count: 1076

Add(0x00000001,0x00000002)
Res=0x00000b20
Executed count: 1077

0x00000003 = 0x00000004 -> 0x00000005
Continue
Executed count: 1078

Goto(0x0000f001)
Jump to 0x0000001f
Executed count: 1079

Add(0x00000003,0x0000f000)
Res=0x000000b3
Executed count: 1080

Putn(0x00061440)
Printed 0xb20
Executed count: 1081

Putc(0x00061442)
Printed 0x0a
Executed count: 1082

Add(0x00000001,0x00000002)
Res=0x00000b30
Executed count: 1083

0x00000003 = 0x00000004 -> 0x00000005
Continue
Executed count: 1084

Goto(0x0000f001)
Jump to 0x0000001f
Executed count: 1085

Add(0x00000003,0x0000f000)
Res=0x000000b4
Executed count: 1086

Putn(0x00061440)
Printed 0xb30
Executed count: 1087

Putc(0x00061442)
Printed 0x0a
Executed count: 1088

Add(0x00000001,0x00000002)
Res=0x00000b40
Executed count: 1089

0x00000003 = 0x00000004 -> 0x00000005
Continue
Executed count: 1090

Goto(0x0000f001)
Jump to 0x0000001f
Executed count: 1091

Add(0x00000003,0x0000f000)
Res=0x000000b5
Executed count: 1092

Putn(0x00061440)
Printed 0xb40
Executed count: 1093

Putc(0x00061442)
Printed 0x0a
Executed count: 1094

Add(0x00000001,0x00000002)
Res=0x00000b50
Executed count: 1095

0x00000003 = 0x00000004 -> 0x00000005
Continue
Executed count: 1096

Goto(0x0000f001)
Jump to 0x0000001f
Executed count: 1097

Add(0x00000003,0x0000f000)
Res=0x000000b6
Executed count: 1098

Putn(0x00061440)
Printed 0xb50
Executed count: 1099

Putc(0x00061442)
Printed 0x0a
Executed count: 1100

Add(0x00000001,0x00000002)
Res=0x00000b60
Executed count: 1101

0x00000003 = 0x00000004 -> 0x00000005
Continue
Executed count: 1102

Goto(0x0000f001)
Jump to 0x0000001f
Executed count: 1103

Add(0x00000003,0x0000f000)
Res=0x000000b7
Executed count: 1104

Putn(0x00061440)
Printed 0xb60
Executed count: 1105

Putc(0x00061442)
Printed 0x0a
Executed count: 1106

Add(0x00000001,0x00000002)
Res=0x00000b70
Executed count: 1107

0x00000003 = 0x00000004 -> 0x00000005
Continue
Executed count: 1108

Goto(0x0000f001)
Jump to 0x0000001f
Executed count: 1109

Add(0x00000003,0x0000f000)
Res=0x000000b8
Executed count: 1110

Putn(0x00061440)
Printed 0xb70
Executed count: 1111

Putc(0x00061442)
Printed 0x0a
Executed count: 1112

Add(0x00000001,0x00000002)
Res=0x00000b80
Executed count: 1113

0x00000003 = 0x00000004 -> 0x00000005
Continue
Executed count: 1114

Goto(0x0000f001)
Jump to 0x0000001f
Executed count: 1115

Add(0x00000003,0x0000f000)
Res=0x000000b9
Executed count: 1116

Putn(0x00061440)
Printed 0xb80
Executed count: 1117

Putc(0x00061442)
Printed 0x0a
Executed count: 1118

Add(0x00000001,0x00000002)
Res=0x00000b90
Executed count: 1119

0x00000003 = 0x00000004 -> 0x00000005
Continue
Executed count: 1120

Goto(0x0000f001)
Jump to 0x0000001f
Executed count: 1121

Add(0x00000003,0x0000f000)
Res=0x000000ba
Executed count: 1122

Putn(0x00061440)
Printed 0xb90
Executed count: 1123

Putc(0x00061442)
Printed 0x0a
Executed count: 1124

Add(0x00000001,0x00000002)
Res=0x00000ba0
Executed count: 1125

0x00000003 = 0x00000004 -> 0x00000005
Continue
Executed count: 1126

Goto(0x0000f001)
Jump to 0x0000001f
Executed count: 1127

Add(0x00000003,0x0000f000)
Res=0x000000bb
Executed count: 1128

Putn(0x00061440)
Printed 0xba0
Executed count: 1129

Putc(0x00061442)
Printed 0x0a
Executed count: 1130

Add(0x00000001,0x00000002)
Res=0x00000bb0
Executed count: 1131

0x00000003 = 0x00000004 -> 0x00000005
Continue
Executed count: 1132

Goto(0x0000f001)
Jump to 0x0000001f
Executed count: 1133

Add(0x00000003,0x0000f000)
Res=0x000000bc
Executed count: 1134

Putn(0x00061440)
Printed 0xbb0
Executed count: 1135

Putc(0x00061442)
Printed 0x0a
Executed count: 1136

Add(0x00000001,0x00000002)
Res=0x00000bc0
Executed count: 1137

0x00000003 = 0x00000004 -> 0x00000005
Continue
Executed count: 1138

Goto(0x0000f001)
Jump to 0x0000001f
Executed count: 1139

Add(0x00000003,0x0000f000)
Res=0x000000bd
Executed count: 1140

Putn(0x00061440)
Printed 0xbc0
Executed count: 1141

Putc(0x00061442)
Printed 0x0a
Executed count: 1142

Add(0x00000001,0x00000002)
Res=0x00000bd0
Executed count: 1143

0x00000003 = 0x00000004 -> 0x00000005
Continue
Executed count: 1144

Goto(0x0000f001)
Jump to 0x0000001f
Executed count: 1145

Add(0x00000003,0x0000f000)
Res=0x000000be
Executed count: 1146

Putn(0x00061440)
Printed 0xbd0
Executed count: 1147

Putc(0x00061442)
Printed 0x0a
Executed count: 1148

Add(0x00000001,0x00000002)
Res=0x00000be0
Executed count: 1149

0x00000003 = 0x00000004 -> 0x00000005
Continue
Executed count: 1150

Goto(0x0000f001)
Jump to 0x0000001f
Executed count: 1151

Add(0x00000003,0x0000f000)
Res=0x000000bf
Executed count: 1152

Putn(0x00061440)
Printed 0xbe0
Executed count: 1153

Putc(0x00061442)
Printed 0x0a
Executed count: 1154

Add(0x00000001,0x00000002)
Res=0x00000bf0
Executed count: 1155

0x00000003 = 0x00000004 -> 0x00000005
Continue
Executed count: 1156

Goto(0x0000f001)
Jump to 0x0000001f
Executed count: 1157

Add(0x00000003,0x0000f000)
Res=0x000000c0
Executed count: 1158

Putn(0x00061440)
Printed 0xbf0
Executed count: 1159

Putc(0x00061442)
Printed 0x0a
Executed count: 1160

Add(0x00000001,0x00000002)
Res=0x00000c00
Executed count: 1161

0x00000003 = 0x00000004 -> 0x00000005
Continue
Executed count: 1162

Goto(0x0000f001)
Jump to 0x0000001f
Executed count: 1163

Add(0x00000003,0x0000f000)
Res=0x000000c1
Executed count: 1164

Putn(0x00061440)
Printed 0xc00
Executed count: 1165

Putc(0x00061442)
Printed 0x0a
Executed count: 1166

Add(0x00000001,0x00000002)
Res=0x00000c10
Executed count: 1167

0x00000003 = 0x00000004 -> 0x00000005
Continue
Executed count: 1168

Goto(0x0000f001)
Jump to 0x0000001f
Executed count: 1169

Add(0x00000003,0x0000f000)
Res=0x000000c2
Executed count: 1170

Putn(0x00061440)
Printed 0xc10
Executed count: 1171

Putc(0x00061442)
Printed 0x0a
Executed count: 1172

Add(0x00000001,0x00000002)
Res=0x00000c20
Executed count: 1173

0x00000003 = 0x00000004 -> 0x00000005
Continue
Executed count: 1174

Goto(0x0000f001)
Jump to 0x0000001f
Executed count: 1175

Add(0x00000003,0x0000f000)
Res=0x000000c3
Executed count: 1176

Putn(0x00061440)
Printed 0xc20
Executed count: 1177

Putc(0x00061442)
Printed 0x0a
Executed count: 1178

Add(0x00000001,0x00000002)
Res=0x00000c30
Executed count: 1179

0x00000003 = 0x00000004 -> 0x00000005
Continue
Executed count: 1180

Goto(0x0000f001)
Jump to 0x0000001f
Executed count: 1181

Add(0x00000003,0x0000f000)
Res=0x000000c4
Executed count: 1182

Putn(0x00061440)
Printed 0xc30
Executed count: 1183

Putc(0x00061442)
Printed 0x0a
Executed count: 1184

Add(0x00000001,0x00000002)
Res=0x00000c40
Executed count: 1185

0x00000003 = 0x00000004 -> 0x00000005
Continue
Executed count: 1186

Goto(0x0000f001)
Jump to 0x0000001f
Executed count: 1187

Add(0x00000003,0x0000f000)
Res=0x000000c5
Executed count: 1188

Putn(0x00061440)
Printed 0xc40
Executed count: 1189

Putc(0x00061442)
Printed 0x0a
Executed count: 1190

Add(0x00000001,0x00000002)
Res=0x00000c50
Executed count: 1191

0x00000003 = 0x00000004 -> 0x00000005
Continue
Executed count: 1192

Goto(0x0000f001)
Jump to 0x0000001f
Executed count: 1193

Add(0x00000003,0x0000f000)
Res=0x000000c6
Executed count: 1194

Putn(0x00061440)
Printed 0xc50
Executed count: 1195

Putc(0x00061442)
Printed 0x0a
Executed count: 1196

Add(0x00000001,0x00000002)
Res=0x00000c60
Executed count: 1197

0x00000003 = 0x00000004 -> 0x00000005
Continue
Executed count: 1198

Goto(0x0000f001)
Jump to 0x0000001f
Executed count: 1199

Add(0x00000003,0x0000f000)
Res=0x000000c7
Executed count: 1200

Putn(0x00061440)
Printed 0xc60
Executed count: 1201

Putc(0x00061442)
Printed 0x0a
Executed count: 1202

Add(0x00000001,0x00000002)
Res=0x00000c70
Executed count: 1203

0x00000003 = 0x00000004 -> 0x00000005
Continue
Executed count: 1204

Goto(0x0000f001)
Jump to 0x0000001f
Executed count: 1205

Add(0x00000003,0x0000f000)
Res=0x000000c8
Executed count: 1206

Putn(0x00061440)
Printed 0xc70
Executed count: 1207

Putc(0x00061442)
Printed 0x0a
Executed count: 1208

Add(0x00000001,0x00000002)
Res=0x00000c80
Executed count: 1209

0x00000003 = 0x00000004 -> 0x00000005
Continue
Executed count: 1210

Goto(0x0000f001)
Jump to 0x0000001f
Executed count: 1211

Add(0x00000003,0x0000f000)
Res=0x000000c9
Executed count: 1212

Putn(0x00061440)
Printed 0xc80
Executed count: 1213

Putc(0x00061442)
Printed 0x0a
Executed count: 1214

Add(0x00000001,0x00000002)
Res=0x00000c90
Executed count: 1215

0x00000003 = 0x00000004 -> 0x00000005
Continue
Executed count: 1216

Goto(0x0000f001)
Jump to 0x0000001f
Executed count: 1217

Add(0x00000003,0x0000f000)
Res=0x000000ca
Executed count: 1218

Putn(0x00061440)
Printed 0xc90
Executed count: 1219

Putc(0x00061442)
Printed 0x0a
Executed count: 1220

Add(0x00000001,0x00000002)
Res=0x00000ca0
Executed count: 1221

0x00000003 = 0x00000004 -> 0x00000005
Continue
Executed count: 1222

Goto(0x0000f001)
Jump to 0x0000001f
Executed count: 1223

Add(0x00000003,0x0000f000)
Res=0x000000cb
Executed count: 1224

Putn(0x00061440)
Printed 0xca0
Executed count: 1225

Putc(0x00061442)
Printed 0x0a
Executed count: 1226

Add(0x00000001,0x00000002)
Res=0x00000cb0
Executed count: 1227

0x00000003 = 0x00000004 -> 0x00000005
Continue
Executed count: 1228

Goto(0x0000f001)
Jump to 0x0000001f
Executed count: 1229

Add(0x00000003,0x0000f000)
Res=0x000000cc
Executed count: 1230

Putn(0x00061440)
Printed 0xcb0
Executed count: 1231

Putc(0x00061442)
Printed 0x0a
Executed count: 1232

Add(0x00000001,0x00000002)
Res=0x00000cc0
Executed count: 1233

0x00000003 = 0x00000004 -> 0x00000005
Continue
Executed count: 1234

Goto(0x0000f001)
Jump to 0x0000001f
Executed count: 1235

Add(0x00000003,0x0000f000)
Res=0x000000cd
Executed count: 1236

Putn(0x00061440)
Printed 0xcc0
Executed count: 1237

Putc(0x00061442)
Printed 0x0a
Executed count: 1238

Add(0x00000001,0x00000002)
Res=0x00000cd0
Executed count: 1239

0x00000003 = 0x00000004 -> 0x00000005
Continue
Executed count: 1240

Goto(0x0000f001)
Jump to 0x0000001f
Executed count: 1241

Add(0x00000003,0x0000f000)
Res=0x000000ce
Executed count: 1242

Putn(0x00061440)
Printed 0xcd0
Executed count: 1243

Putc(0x00061442)
Printed 0x0a
Executed count: 1244

Add(0x00000001,0x00000002)
Res=0x00000ce0
Executed count: 1245

0x00000003 = 0x00000004 -> 0x00000005
Continue
Executed count: 1246

Goto(0x0000f001)
Jump to 0x0000001f
Executed count: 1247

Add(0x00000003,0x0000f000)
Res=0x000000cf
Executed count: 1248

Putn(0x00061440)
Printed 0xce0
Executed count: 1249

Putc(0x00061442)
Printed 0x0a
Executed count: 1250

Add(0x00000001,0x00000002)
Res=0x00000cf0
Executed count: 1251

0x00000003 = 0x00000004 -> 0x00000005
Continue
Executed count: 1252

Goto(0x0000f001)
Jump to 0x0000001f
Executed count: 1253

Add(0x00000003,0x0000f000)
Res=0x000000d0
Executed count: 1254

Putn(0x00061440)
Printed 0xcf0
Executed count: 1255

Putc(0x00061442)
Printed 0x0a
Executed count: 1256

Add(0x00000001,0x00000002)
Res=0x00000d00
Executed count: 1257

0x00000003 = 0x00000004 -> 0x00000005
Continue
Executed count: 1258

Goto(0x0000f001)
Jump to 0x0000001f
Executed count: 1259

Add(0x00000003,0x0000f000)
Res=0x000000d1
Executed count: 1260

Putn(0x00061440)
Printed 0xd00
Executed count: 1261

Putc(0x00061442)
Printed 0x0a
Executed count: 1262

Add(0x00000001,0x00000002)
Res=0x00000d10
Executed count: 1263

0x00000003 = 0x00000004 -> 0x00000005
Continue
Executed count: 1264

Goto(0x0000f001)
Jump to 0x0000001f
Executed count: 1265

Add(0x00000003,0x0000f000)
Res=0x000000d2
Executed count: 1266

Putn(0x00061440)
Printed 0xd10
Executed count: 1267

Putc(0x00061442)
Printed 0x0a
Executed count: 1268

Add(0x00000001,0x00000002)
Res=0x00000d20
Executed count: 1269

0x00000003 = 0x00000004 -> 0x00000005
Continue
Executed count: 1270

Goto(0x0000f001)
Jump to 0x0000001f
Executed count: 1271

Add(0x00000003,0x0000f000)
Res=0x000000d3
Executed count: 1272

Putn(0x00061440)
Printed 0xd20
Executed count: 1273

Putc(0x00061442)
Printed 0x0a
Executed count: 1274

Add(0x00000001,0x00000002)
Res=0x00000d30
Executed count: 1275

0x00000003 = 0x00000004 -> 0x00000005
Continue
Executed count: 1276

Goto(0x0000f001)
Jump to 0x0000001f
Executed count: 1277

Add(0x00000003,0x0000f000)
Res=0x000000d4
Executed count: 1278

Putn(0x00061440)
Printed 0xd30
Executed count: 1279

Putc(0x00061442)
Printed 0x0a
Executed count: 1280

Add(0x00000001,0x00000002)
Res=0x00000d40
Executed count: 1281

0x00000003 = 0x00000004 -> 0x00000005
Continue
Executed count: 1282

Goto(0x0000f001)
Jump to 0x0000001f
Executed count: 1283

Add(0x00000003,0x0000f000)
Res=0x000000d5
Executed count: 1284

Putn(0x00061440)
Printed 0xd40
Executed count: 1285

Putc(0x00061442)
Printed 0x0a
Executed count: 1286

Add(0x00000001,0x00000002)
Res=0x00000d50
Executed count: 1287

0x00000003 = 0x00000004 -> 0x00000005
Continue
Executed count: 1288

Goto(0x0000f001)
Jump to 0x0000001f
Executed count: 1289

Add(0x00000003,0x0000f000)
Res=0x000000d6
Executed count: 1290

Putn(0x00061440)
Printed 0xd50
Executed count: 1291

Putc(0x00061442)
Printed 0x0a
Executed count: 1292

Add(0x00000001,0x00000002)
Res=0x00000d60
Executed count: 1293

0x00000003 = 0x00000004 -> 0x00000005
Continue
Executed count: 1294

Goto(0x0000f001)
Jump to 0x0000001f
Executed count: 1295

Add(0x00000003,0x0000f000)
Res=0x000000d7
Executed count: 1296

Putn(0x00061440)
Printed 0xd60
Executed count: 1297

Putc(0x00061442)
Printed 0x0a
Executed count: 1298

Add(0x00000001,0x00000002)
Res=0x00000d70
Executed count: 1299

0x00000003 = 0x00000004 -> 0x00000005
Continue
Executed count: 1300

Goto(0x0000f001)
Jump to 0x0000001f
Executed count: 1301

Add(0x00000003,0x0000f000)
Res=0x000000d8
Executed count: 1302

Putn(0x00061440)
Printed 0xd70
Executed count: 1303

Putc(0x00061442)
Printed 0x0a
Executed count: 1304

Add(0x00000001,0x00000002)
Res=0x00000d80
Executed count: 1305

0x00000003 = 0x00000004 -> 0x00000005
Continue
Executed count: 1306

Goto(0x0000f001)
Jump to 0x0000001f
Executed count: 1307

Add(0x00000003,0x0000f000)
Res=0x000000d9
Executed count: 1308

Putn(0x00061440)
Printed 0xd80
Executed count: 1309

Putc(0x00061442)
Printed 0x0a
Executed count: 1310

Add(0x00000001,0x00000002)
Res=0x00000d90
Executed count: 1311

0x00000003 = 0x00000004 -> 0x00000005
Continue
Executed count: 1312

Goto(0x0000f001)
Jump to 0x0000001f
Executed count: 1313

Add(0x00000003,0x0000f000)
Res=0x000000da
Executed count: 1314

Putn(0x00061440)
Printed 0xd90
Executed count: 1315

Putc(0x00061442)
Printed 0x0a
Executed count: 1316

Add(0x00000001,0x00000002)
Res=0x00000da0
Executed count: 1317

0x00000003 = 0x00000004 -> 0x00000005
Continue
Executed count: 1318

Goto(0x0000f001)
Jump to 0x0000001f
Executed count: 1319

Add(0x00000003,0x0000f000)
Res=0x000000db
Executed count: 1320

Putn(0x00061440)
Printed 0xda0
Executed count: 1321

Putc(0x00061442)
Printed 0x0a
Executed count: 1322

Add(0x00000001,0x00000002)
Res=0x00000db0
Executed count: 1323

0x00000003 = 0x00000004 -> 0x00000005
Continue
Executed count: 1324

Goto(0x0000f001)
Jump to 0x0000001f
Executed count: 1325

Add(0x00000003,0x0000f000)
Res=0x000000dc
Executed count: 1326

Putn(0x00061440)
Printed 0xdb0
Executed count: 1327

Putc(0x00061442)
Printed 0x0a
Executed count: 1328

Add(0x00000001,0x00000002)
Res=0x00000dc0
Executed count: 1329

0x00000003 = 0x00000004 -> 0x00000005
Continue
Executed count: 1330

Goto(0x0000f001)
Jump to 0x0000001f
Executed count: 1331

Add(0x00000003,0x0000f000)
Res=0x000000dd
Executed count: 1332

Putn(0x00061440)
Printed 0xdc0
Executed count: 1333

Putc(0x00061442)
Printed 0x0a
Executed count: 1334

Add(0x00000001,0x00000002)
Res=0x00000dd0
Executed count: 1335

0x00000003 = 0x00000004 -> 0x00000005
Continue
Executed count: 1336

Goto(0x0000f001)
Jump to 0x0000001f
Executed count: 1337

Add(0x00000003,0x0000f000)
Res=0x000000de
Executed count: 1338

Putn(0x00061440)
Printed 0xdd0
Executed count: 1339

Putc(0x00061442)
Printed 0x0a
Executed count: 1340

Add(0x00000001,0x00000002)
Res=0x00000de0
Executed count: 1341

0x00000003 = 0x00000004 -> 0x00000005
Continue
Executed count: 1342

Goto(0x0000f001)
Jump to 0x0000001f
Executed count: 1343

Add(0x00000003,0x0000f000)
Res=0x000000df
Executed count: 1344

Putn(0x00061440)
Printed 0xde0
Executed count: 1345

Putc(0x00061442)
Printed 0x0a
Executed count: 1346

Add(0x00000001,0x00000002)
Res=0x00000df0
Executed count: 1347

0x00000003 = 0x00000004 -> 0x00000005
Continue
Executed count: 1348

Goto(0x0000f001)
Jump to 0x0000001f
Executed count: 1349

Add(0x00000003,0x0000f000)
Res=0x000000e0
Executed count: 1350

Putn(0x00061440)
Printed 0xdf0
Executed count: 1351

Putc(0x00061442)
Printed 0x0a
Executed count: 1352

Add(0x00000001,0x00000002)
Res=0x00000e00
Executed count: 1353

0x00000003 = 0x00000004 -> 0x00000005
Continue
Executed count: 1354

Goto(0x0000f001)
Jump to 0x0000001f
Executed count: 1355

Add(0x00000003,0x0000f000)
Res=0x000000e1
Executed count: 1356

Putn(0x00061440)
Printed 0xe00
Executed count: 1357

Putc(0x00061442)
Printed 0x0a
Executed count: 1358

Add(0x00000001,0x00000002)
Res=0x00000e10
Executed count: 1359

0x00000003 = 0x00000004 -> 0x00000005
Continue
Executed count: 1360

Goto(0x0000f001)
Jump to 0x0000001f
Executed count: 1361

Add(0x00000003,0x0000f000)
Res=0x000000e2
Executed count: 1362

Putn(0x00061440)
Printed 0xe10
Executed count: 1363

Putc(0x00061442)
Printed 0x0a
Executed count: 1364

Add(0x00000001,0x00000002)
Res=0x00000e20
Executed count: 1365

0x00000003 = 0x00000004 -> 0x00000005
Continue
Executed count: 1366

Goto(0x0000f001)
Jump to 0x0000001f
Executed count: 1367

Add(0x00000003,0x0000f000)
Res=0x000000e3
Executed count: 1368

Putn(0x00061440)
Printed 0xe20
Executed count: 1369

Putc(0x00061442)
Printed 0x0a
Executed count: 1370

Add(0x00000001,0x00000002)
Res=0x00000e30
Executed count: 1371

0x00000003 = 0x00000004 -> 0x00000005
Continue
Executed count: 1372

Goto(0x0000f001)
Jump to 0x0000001f
Executed count: 1373

Add(0x00000003,0x0000f000)
Res=0x000000e4
Executed count: 1374

Putn(0x00061440)
Printed 0xe30
Executed count: 1375

Putc(0x00061442)
Printed 0x0a
Executed count: 1376

Add(0x00000001,0x00000002)
Res=0x00000e40
Executed count: 1377

0x00000003 = 0x00000004 -> 0x00000005
Continue
Executed count: 1378

Goto(0x0000f001)
Jump to 0x0000001f
Executed count: 1379

Add(0x00000003,0x0000f000)
Res=0x000000e5
Executed count: 1380

Putn(0x00061440)
Printed 0xe40
Executed count: 1381

Putc(0x00061442)
Printed 0x0a
Executed count: 1382

Add(0x00000001,0x00000002)
Res=0x00000e50
Executed count: 1383

0x00000003 = 0x00000004 -> 0x00000005
Continue
Executed count: 1384

Goto(0x0000f001)
Jump to 0x0000001f
Executed count: 1385

Add(0x00000003,0x0000f000)
Res=0x000000e6
Executed count: 1386

Putn(0x00061440)
Printed 0xe50
Executed count: 1387

Putc(0x00061442)
Printed 0x0a
Executed count: 1388

Add(0x00000001,0x00000002)
Res=0x00000e60
Executed count: 1389

0x00000003 = 0x00000004 -> 0x00000005
Continue
Executed count: 1390

Goto(0x0000f001)
Jump to 0x0000001f
Executed count: 1391

Add(0x00000003,0x0000f000)
Res=0x000000e7
Executed count: 1392

Putn(0x00061440)
Printed 0xe60
Executed count: 1393

Putc(0x00061442)
Printed 0x0a
Executed count: 1394

Add(0x00000001,0x00000002)
Res=0x00000e70
Executed count: 1395

0x00000003 = 0x00000004 -> 0x00000005
Continue
Executed count: 1396

Goto(0x0000f001)
Jump to 0x0000001f
Executed count: 1397

Add(0x00000003,0x0000f000)
Res=0x000000e8
Executed count: 1398

Putn(0x00061440)
Printed 0xe70
Executed count: 1399

Putc(0x00061442)
Printed 0x0a
Executed count: 1400

Add(0x00000001,0x00000002)
Res=0x00000e80
Executed count: 1401

0x00000003 = 0x00000004 -> 0x00000005
Continue
Executed count: 1402

Goto(0x0000f001)
Jump to 0x0000001f
Executed count: 1403

Add(0x00000003,0x0000f000)
Res=0x000000e9
Executed count: 1404

Putn(0x00061440)
Printed 0xe80
Executed count: 1405

Putc(0x00061442)
Printed 0x0a
Executed count: 1406

Add(0x00000001,0x00000002)
Res=0x00000e90
Executed count: 1407

0x00000003 = 0x00000004 -> 0x00000005
Continue
Executed count: 1408

Goto(0x0000f001)
Jump to 0x0000001f
Executed count: 1409

Add(0x00000003,0x0000f000)
Res=0x000000ea
Executed count: 1410

Putn(0x00061440)
Printed 0xe90
Executed count: 1411

Putc(0x00061442)
Printed 0x0a
Executed count: 1412

Add(0x00000001,0x00000002)
Res=0x00000ea0
Executed count: 1413

0x00000003 = 0x00000004 -> 0x00000005
Continue
Executed count: 1414

Goto(0x0000f001)
Jump to 0x0000001f
Executed count: 1415

Add(0x00000003,0x0000f000)
Res=0x000000eb
Executed count: 1416

Putn(0x00061440)
Printed 0xea0
Executed count: 1417

Putc(0x00061442)
Printed 0x0a
Executed count: 1418

Add(0x00000001,0x00000002)
Res=0x00000eb0
Executed count: 1419

0x00000003 = 0x00000004 -> 0x00000005
Continue
Executed count: 1420

Goto(0x0000f001)
Jump to 0x0000001f
Executed count: 1421

Add(0x00000003,0x0000f000)
Res=0x000000ec
Executed count: 1422

Putn(0x00061440)
Printed 0xeb0
Executed count: 1423

Putc(0x00061442)
Printed 0x0a
Executed count: 1424

Add(0x00000001,0x00000002)
Res=0x00000ec0
Executed count: 1425

0x00000003 = 0x00000004 -> 0x00000005
Continue
Executed count: 1426

Goto(0x0000f001)
Jump to 0x0000001f
Executed count: 1427

Add(0x00000003,0x0000f000)
Res=0x000000ed
Executed count: 1428

Putn(0x00061440)
Printed 0xec0
Executed count: 1429

Putc(0x00061442)
Printed 0x0a
Executed count: 1430

Add(0x00000001,0x00000002)
Res=0x00000ed0
Executed count: 1431

0x00000003 = 0x00000004 -> 0x00000005
Continue
Executed count: 1432

Goto(0x0000f001)
Jump to 0x0000001f
Executed count: 1433

Add(0x00000003,0x0000f000)
Res=0x000000ee
Executed count: 1434

Putn(0x00061440)
Printed 0xed0
Executed count: 1435

Putc(0x00061442)
Printed 0x0a
Executed count: 1436

Add(0x00000001,0x00000002)
Res=0x00000ee0
Executed count: 1437

0x00000003 = 0x00000004 -> 0x00000005
Continue
Executed count: 1438

Goto(0x0000f001)
Jump to 0x0000001f
Executed count: 1439

Add(0x00000003,0x0000f000)
Res=0x000000ef
Executed count: 1440

Putn(0x00061440)
Printed 0xee0
Executed count: 1441

Putc(0x00061442)
Printed 0x0a
Executed count: 1442

Add(0x00000001,0x00000002)
Res=0x00000ef0
Executed count: 1443

0x00000003 = 0x00000004 -> 0x00000005
Continue
Executed count: 1444

Goto(0x0000f001)
Jump to 0x0000001f
Executed count: 1445

Add(0x00000003,0x0000f000)
Res=0x000000f0
Executed count: 1446

Putn(0x00061440)
Printed 0xef0
Executed count: 1447

Putc(0x00061442)
Printed 0x0a
Executed count: 1448

Add(0x00000001,0x00000002)
Res=0x00000f00
Executed count: 1449

0x00000003 = 0x00000004 -> 0x00000005
Continue
Executed count: 1450

Goto(0x0000f001)
Jump to 0x0000001f
Executed count: 1451

Add(0x00000003,0x0000f000)
Res=0x000000f1
Executed count: 1452

Putn(0x00061440)
Printed 0xf00
Executed count: 1453

Putc(0x00061442)
Printed 0x0a
Executed count: 1454

Add(0x00000001,0x00000002)
Res=0x00000f10
Executed count: 1455

0x00000003 = 0x00000004 -> 0x00000005
Continue
Executed count: 1456

Goto(0x0000f001)
Jump to 0x0000001f
Executed count: 1457

Add(0x00000003,0x0000f000)
Res=0x000000f2
Executed count: 1458

Putn(0x00061440)
Printed 0xf10
Executed count: 1459

Putc(0x00061442)
Printed 0x0a
Executed count: 1460

Add(0x00000001,0x00000002)
Res=0x00000f20
Executed count: 1461

0x00000003 = 0x00000004 -> 0x00000005
Continue
Executed count: 1462

Goto(0x0000f001)
Jump to 0x0000001f
Executed count: 1463

Add(0x00000003,0x0000f000)
Res=0x000000f3
Executed count: 1464

Putn(0x00061440)
Printed 0xf20
Executed count: 1465

Putc(0x00061442)
Printed 0x0a
Executed count: 1466

Add(0x00000001,0x00000002)
Res=0x00000f30
Executed count: 1467

0x00000003 = 0x00000004 -> 0x00000005
Continue
Executed count: 1468

Goto(0x0000f001)
Jump to 0x0000001f
Executed count: 1469

Add(0x00000003,0x0000f000)
Res=0x000000f4
Executed count: 1470

Putn(0x00061440)
Printed 0xf30
Executed count: 1471

Putc(0x00061442)
Printed 0x0a
Executed count: 1472

Add(0x00000001,0x00000002)
Res=0x00000f40
Executed count: 1473

0x00000003 = 0x00000004 -> 0x00000005
Continue
Executed count: 1474

Goto(0x0000f001)
Jump to 0x0000001f
Executed count: 1475

Add(0x00000003,0x0000f000)
Res=0x000000f5
Executed count: 1476

Putn(0x00061440)
Printed 0xf40
Executed count: 1477

Putc(0x00061442)
Printed 0x0a
Executed count: 1478

Add(0x00000001,0x00000002)
Res=0x00000f50
Executed count: 1479

0x00000003 = 0x00000004 -> 0x00000005
Continue
Executed count: 1480

Goto(0x0000f001)
Jump to 0x0000001f
Executed count: 1481

Add(0x00000003,0x0000f000)
Res=0x000000f6
Executed count: 1482

Putn(0x00061440)
Printed 0xf50
Executed count: 1483

Putc(0x00061442)
Printed 0x0a
Executed count: 1484

Add(0x00000001,0x00000002)
Res=0x00000f60
Executed count: 1485

0x00000003 = 0x00000004 -> 0x00000005
Continue
Executed count: 1486

Goto(0x0000f001)
Jump to 0x0000001f
Executed count: 1487

Add(0x00000003,0x0000f000)
Res=0x000000f7
Executed count: 1488

Putn(0x00061440)
Printed 0xf60
Executed count: 1489

Putc(0x00061442)
Printed 0x0a
Executed count: 1490

Add(0x00000001,0x00000002)
Res=0x00000f70
Executed count: 1491

0x00000003 = 0x00000004 -> 0x00000005
Continue
Executed count: 1492

Goto(0x0000f001)
Jump to 0x0000001f
Executed count: 1493

Add(0x00000003,0x0000f000)
Res=0x000000f8
Executed count: 1494

Putn(0x00061440)
Printed 0xf70
Executed count: 1495

Putc(0x00061442)
Printed 0x0a
Executed count: 1496

Add(0x00000001,0x00000002)
Res=0x00000f80
Executed count: 1497

0x00000003 = 0x00000004 -> 0x00000005
Continue
Executed count: 1498

Goto(0x0000f001)
Jump to 0x0000001f
Executed count: 1499

Add(0x00000003,0x0000f000)
Res=0x000000f9
Executed count: 1500

Putn(0x00061440)
Printed 0xf80
Executed count: 1501

Putc(0x00061442)
Printed 0x0a
Executed count: 1502

Add(0x00000001,0x00000002)
Res=0x00000f90
Executed count: 1503

0x00000003 = 0x00000004 -> 0x00000005
Continue
Executed count: 1504

Goto(0x0000f001)
Jump to 0x0000001f
Executed count: 1505

Add(0x00000003,0x0000f000)
Res=0x000000fa
Executed count: 1506

Putn(0x00061440)
Printed 0xf90
Executed count: 1507

Putc(0x00061442)
Printed 0x0a
Executed count: 1508

Add(0x00000001,0x00000002)
Res=0x00000fa0
Executed count: 1509

0x00000003 = 0x00000004 -> 0x00000005
Continue
Executed count: 1510

Goto(0x0000f001)
Jump to 0x0000001f
Executed count: 1511

Add(0x00000003,0x0000f000)
Res=0x000000fb
Executed count: 1512

Putn(0x00061440)
Printed 0xfa0
Executed count: 1513

Putc(0x00061442)
Printed 0x0a
Executed count: 1514

Add(0x00000001,0x00000002)
Res=0x00000fb0
Executed count: 1515

0x00000003 = 0x00000004 -> 0x00000005
Continue
Executed count: 1516

Goto(0x0000f001)
Jump to 0x0000001f
Executed count: 1517

Add(0x00000003,0x0000f000)
Res=0x000000fc
Executed count: 1518

Putn(0x00061440)
Printed 0xfb0
Executed count: 1519

Putc(0x00061442)
Printed 0x0a
Executed count: 1520

Add(0x00000001,0x00000002)
Res=0x00000fc0
Executed count: 1521

0x00000003 = 0x00000004 -> 0x00000005
Continue
Executed count: 1522

Goto(0x0000f001)
Jump to 0x0000001f
Executed count: 1523

Add(0x00000003,0x0000f000)
Res=0x000000fd
Executed count: 1524

Putn(0x00061440)
Printed 0xfc0
Executed count: 1525

Putc(0x00061442)
Printed 0x0a
Executed count: 1526

Add(0x00000001,0x00000002)
Res=0x00000fd0
Executed count: 1527

0x00000003 = 0x00000004 -> 0x00000005
Continue
Executed count: 1528

Goto(0x0000f001)
Jump to 0x0000001f
Executed count: 1529

Add(0x00000003,0x0000f000)
Res=0x000000fe
Executed count: 1530

Putn(0x00061440)
Printed 0xfd0
Executed count: 1531

Putc(0x00061442)
Printed 0x0a
Executed count: 1532

Add(0x00000001,0x00000002)
Res=0x00000fe0
Executed count: 1533

0x00000003 = 0x00000004 -> 0x00000005
Jump to 0x0000004d
Executed count: 1534

Exit()
Executed count: 1535

